ARM GAS  /tmp/cc5UHIDs.s 			page 1


   1              		.syntax unified
   2              		.cpu cortex-m3
   3              		.fpu softvfp
   4              		.eabi_attribute 20, 1
   5              		.eabi_attribute 21, 1
   6              		.eabi_attribute 23, 3
   7              		.eabi_attribute 24, 1
   8              		.eabi_attribute 25, 1
   9              		.eabi_attribute 26, 1
  10              		.eabi_attribute 30, 4
  11              		.eabi_attribute 34, 1
  12              		.eabi_attribute 18, 4
  13              		.file	"vectors_STM32L1xx_md.c"
  14              	@ GNU C (GNU Tools for ARM Embedded Processors) version 4.6.2 20110921 (release) [ARM/embedded-4_6-
  15              	@	compiled by GNU C version 4.3.6, GMP version 4.3.2, MPFR version 2.4.2, MPC version 0.8.1
  16              	@ GGC heuristics: --param ggc-min-expand=100 --param ggc-min-heapsize=131072
  17              	@ options passed:  -I . -I inc -I FreeRTOS/include
  18              	@ -I FreeRTOS/portable/GCC/ARM_CM3 -I FatFS -I peripherals
  19              	@ -imultilib armv7-m
  20              	@ -iprefix /home/grochu/arm/arm-none-eabi-gcc-4_6/bin/../lib/gcc/arm-none-eabi/4.6.2/
  21              	@ -isysroot /home/grochu/arm/arm-none-eabi-gcc-4_6/bin/../arm-none-eabi
  22              	@ -MD out/vectors_STM32L1xx_md.d -MF out/vectors_STM32L1xx_md.d -MP
  23              	@ -MQ out/vectors_STM32L1xx_md.o -D__USES_INITFINI__ -D STM32L1XX_MD
  24              	@ vectors_STM32L1xx_md.c -mcpu=cortex-m3 -mthumb
  25              	@ -auxbase-strip out/vectors_STM32L1xx_md.o -g -ggdb3 -Os -Wall
  26              	@ -Wstrict-prototypes -Wextra -std=gnu90 -ffunction-sections
  27              	@ -fdata-sections -fverbose-asm
  28              	@ options enabled:  -fauto-inc-dec -fbranch-count-reg -fcaller-saves
  29              	@ -fcombine-stack-adjustments -fcommon -fcompare-elim -fcprop-registers
  30              	@ -fcrossjumping -fcse-follow-jumps -fdata-sections -fdefer-pop
  31              	@ -fdelete-null-pointer-checks -fdevirtualize -fdwarf2-cfi-asm
  32              	@ -fearly-inlining -feliminate-unused-debug-types -fexpensive-optimizations
  33              	@ -fforward-propagate -ffunction-cse -ffunction-sections -fgcse -fgcse-lm
  34              	@ -fguess-branch-probability -fident -fif-conversion -fif-conversion2
  35              	@ -findirect-inlining -finline -finline-functions
  36              	@ -finline-functions-called-once -finline-small-functions -fipa-cp
  37              	@ -fipa-profile -fipa-pure-const -fipa-reference -fipa-sra
  38              	@ -fira-share-save-slots -fira-share-spill-slots -fivopts
  39              	@ -fkeep-static-consts -fleading-underscore -fmath-errno -fmerge-constants
  40              	@ -fmerge-debug-strings -fmove-loop-invariants -fomit-frame-pointer
  41              	@ -foptimize-register-move -foptimize-sibling-calls -fpartial-inlining
  42              	@ -fpeephole -fpeephole2 -fprefetch-loop-arrays -freg-struct-return
  43              	@ -fregmove -freorder-blocks -freorder-functions -frerun-cse-after-loop
  44              	@ -fsched-critical-path-heuristic -fsched-dep-count-heuristic
  45              	@ -fsched-group-heuristic -fsched-interblock -fsched-last-insn-heuristic
  46              	@ -fsched-rank-heuristic -fsched-spec -fsched-spec-insn-heuristic
  47              	@ -fsched-stalled-insns-dep -fschedule-insns2 -fsection-anchors
  48              	@ -fshow-column -fsigned-zeros -fsplit-ivs-in-unroller -fsplit-wide-types
  49              	@ -fstrict-aliasing -fstrict-overflow -fstrict-volatile-bitfields
  50              	@ -fthread-jumps -ftoplevel-reorder -ftrapping-math -ftree-bit-ccp
  51              	@ -ftree-builtin-call-dce -ftree-ccp -ftree-ch -ftree-copy-prop
  52              	@ -ftree-copyrename -ftree-cselim -ftree-dce -ftree-dominator-opts
  53              	@ -ftree-dse -ftree-forwprop -ftree-fre -ftree-loop-if-convert
  54              	@ -ftree-loop-im -ftree-loop-ivcanon -ftree-loop-optimize
  55              	@ -ftree-parallelize-loops= -ftree-phiprop -ftree-pre -ftree-pta
  56              	@ -ftree-reassoc -ftree-scev-cprop -ftree-sink -ftree-slp-vectorize
  57              	@ -ftree-sra -ftree-switch-conversion -ftree-ter -ftree-vect-loop-version
ARM GAS  /tmp/cc5UHIDs.s 			page 2


  58              	@ -ftree-vrp -funit-at-a-time -fvar-tracking -fvar-tracking-assignments
  59              	@ -fverbose-asm -fzero-initialized-in-bss -mfix-cortex-m3-ldrd
  60              	@ -mlittle-endian -msched-prolog -mthumb -munaligned-access
  61              	
  62              		.text
  63              	.Ltext0:
  64              	@ Compiler executable checksum: bceff7dbdab3a6b8e3cb8483ff059e43
  65              	
  66              		.cfi_sections	.debug_frame
  67              		.section	.text.__Default_Handler,"ax",%progbits
  68              		.align	1
  69              		.global	__Default_Handler
  70              		.thumb
  71              		.thumb_func
  72              		.type	__Default_Handler, %function
  73              	__Default_Handler:
  74              	.LFB0:
  75              		.file 1 "vectors_STM32L1xx_md.c"
   1:vectors_STM32L1xx_md.c **** /** \file vectors_STM32L1xx_md.c
   2:vectors_STM32L1xx_md.c ****  * \brief STM32L1xx medium-density vector table and __Default_Handler()
   3:vectors_STM32L1xx_md.c ****  *
   4:vectors_STM32L1xx_md.c ****  * STM32L1xx medium-density vector table and __Default_Handler()
   5:vectors_STM32L1xx_md.c ****  *
   6:vectors_STM32L1xx_md.c ****  * chip: STM32L1xx medium-density
   7:vectors_STM32L1xx_md.c ****  *
   8:vectors_STM32L1xx_md.c ****  * \author Freddie Chopin, http://www.freddiechopin.info http://www.distortec.com
   9:vectors_STM32L1xx_md.c ****  * \date 2012-08-23
  10:vectors_STM32L1xx_md.c ****  */
  11:vectors_STM32L1xx_md.c **** 
  12:vectors_STM32L1xx_md.c **** /**
  13:vectors_STM32L1xx_md.c ****  * \brief Default interrupt handler.
  14:vectors_STM32L1xx_md.c ****  *
  15:vectors_STM32L1xx_md.c ****  * Default interrupt handler, used for interrupts that don't have their
  16:vectors_STM32L1xx_md.c ****  * own handler defined.
  17:vectors_STM32L1xx_md.c **** */
  18:vectors_STM32L1xx_md.c **** 
  19:vectors_STM32L1xx_md.c **** void __Default_Handler(void) __attribute__ ((interrupt));
  20:vectors_STM32L1xx_md.c **** void __Default_Handler(void)
  21:vectors_STM32L1xx_md.c **** {
  76              		.loc 1 21 0
  77              		.cfi_startproc
  78              		@ Volatile: function does not return.
  79              		@ Stack Align: May be called with mis-aligned SP.
  80              		@ args = 0, pretend = 0, frame = 0
  81              		@ frame_needed = 0, uses_anonymous_args = 0
  82              		@ link register save eliminated.
  83 0000 6846     		mov	r0, sp	@,
  84              		.cfi_register 13, 0
  85 0002 20F00701 		bic	r1, r0, #7	@,,
  86 0006 8D46     		mov	sp, r1	@,
  87              	.L2:
  88 0008 FEE7     		b	.L2	@
  89              		.cfi_endproc
  90              	.LFE0:
  91              		.size	__Default_Handler, .-__Default_Handler
  92              		.global	vectors
  93              		.weak	NMI_Handler
ARM GAS  /tmp/cc5UHIDs.s 			page 3


  94              		.thumb_set NMI_Handler,__Default_Handler
  95              		.weak	HardFault_Handler
  96              		.thumb_set HardFault_Handler,__Default_Handler
  97              		.weak	MemManage_Handler
  98              		.thumb_set MemManage_Handler,__Default_Handler
  99              		.weak	BusFault_Handler
 100              		.thumb_set BusFault_Handler,__Default_Handler
 101              		.weak	UsageFault_Handler
 102              		.thumb_set UsageFault_Handler,__Default_Handler
 103              		.weak	__Reserved_0x1C_Handler
 104              		.thumb_set __Reserved_0x1C_Handler,__Default_Handler
 105              		.weak	__Reserved_0x20_Handler
 106              		.thumb_set __Reserved_0x20_Handler,__Default_Handler
 107              		.weak	__Reserved_0x24_Handler
 108              		.thumb_set __Reserved_0x24_Handler,__Default_Handler
 109              		.weak	__Reserved_0x28_Handler
 110              		.thumb_set __Reserved_0x28_Handler,__Default_Handler
 111              		.weak	SVC_Handler
 112              		.thumb_set SVC_Handler,__Default_Handler
 113              		.weak	DebugMon_Handler
 114              		.thumb_set DebugMon_Handler,__Default_Handler
 115              		.weak	__Reserved_0x34_Handler
 116              		.thumb_set __Reserved_0x34_Handler,__Default_Handler
 117              		.weak	PendSV_Handler
 118              		.thumb_set PendSV_Handler,__Default_Handler
 119              		.weak	SysTick_Handler
 120              		.thumb_set SysTick_Handler,__Default_Handler
 121              		.weak	WWDG_IRQHandler
 122              		.thumb_set WWDG_IRQHandler,__Default_Handler
 123              		.weak	PVD_IRQHandler
 124              		.thumb_set PVD_IRQHandler,__Default_Handler
 125              		.weak	TAMPER_STAMP_IRQHandler
 126              		.thumb_set TAMPER_STAMP_IRQHandler,__Default_Handler
 127              		.weak	RTC_WKUP_IRQHandler
 128              		.thumb_set RTC_WKUP_IRQHandler,__Default_Handler
 129              		.weak	FLASH_IRQHandler
 130              		.thumb_set FLASH_IRQHandler,__Default_Handler
 131              		.weak	RCC_IRQHandler
 132              		.thumb_set RCC_IRQHandler,__Default_Handler
 133              		.weak	EXTI0_IRQHandler
 134              		.thumb_set EXTI0_IRQHandler,__Default_Handler
 135              		.weak	EXTI1_IRQHandler
 136              		.thumb_set EXTI1_IRQHandler,__Default_Handler
 137              		.weak	EXTI2_IRQHandler
 138              		.thumb_set EXTI2_IRQHandler,__Default_Handler
 139              		.weak	EXTI3_IRQHandler
 140              		.thumb_set EXTI3_IRQHandler,__Default_Handler
 141              		.weak	EXTI4_IRQHandler
 142              		.thumb_set EXTI4_IRQHandler,__Default_Handler
 143              		.weak	DMA1_Channel1_IRQHandler
 144              		.thumb_set DMA1_Channel1_IRQHandler,__Default_Handler
 145              		.weak	DMA1_Channel2_IRQHandler
 146              		.thumb_set DMA1_Channel2_IRQHandler,__Default_Handler
 147              		.weak	DMA1_Channel3_IRQHandler
 148              		.thumb_set DMA1_Channel3_IRQHandler,__Default_Handler
 149              		.weak	DMA1_Channel4_IRQHandler
 150              		.thumb_set DMA1_Channel4_IRQHandler,__Default_Handler
ARM GAS  /tmp/cc5UHIDs.s 			page 4


 151              		.weak	DMA1_Channel5_IRQHandler
 152              		.thumb_set DMA1_Channel5_IRQHandler,__Default_Handler
 153              		.weak	DMA1_Channel6_IRQHandler
 154              		.thumb_set DMA1_Channel6_IRQHandler,__Default_Handler
 155              		.weak	DMA1_Channel7_IRQHandler
 156              		.thumb_set DMA1_Channel7_IRQHandler,__Default_Handler
 157              		.weak	ADC1_IRQHandler
 158              		.thumb_set ADC1_IRQHandler,__Default_Handler
 159              		.weak	USB_HP_IRQHandler
 160              		.thumb_set USB_HP_IRQHandler,__Default_Handler
 161              		.weak	USB_LP_IRQHandler
 162              		.thumb_set USB_LP_IRQHandler,__Default_Handler
 163              		.weak	DAC_IRQHandler
 164              		.thumb_set DAC_IRQHandler,__Default_Handler
 165              		.weak	COMP_IRQHandler
 166              		.thumb_set COMP_IRQHandler,__Default_Handler
 167              		.weak	EXTI9_5_IRQHandler
 168              		.thumb_set EXTI9_5_IRQHandler,__Default_Handler
 169              		.weak	LCD_IRQHandler
 170              		.thumb_set LCD_IRQHandler,__Default_Handler
 171              		.weak	TIM9_IRQHandler
 172              		.thumb_set TIM9_IRQHandler,__Default_Handler
 173              		.weak	TIM10_IRQHandler
 174              		.thumb_set TIM10_IRQHandler,__Default_Handler
 175              		.weak	TIM11_IRQHandler
 176              		.thumb_set TIM11_IRQHandler,__Default_Handler
 177              		.weak	TIM2_IRQHandler
 178              		.thumb_set TIM2_IRQHandler,__Default_Handler
 179              		.weak	TIM3_IRQHandler
 180              		.thumb_set TIM3_IRQHandler,__Default_Handler
 181              		.weak	TIM4_IRQHandler
 182              		.thumb_set TIM4_IRQHandler,__Default_Handler
 183              		.weak	I2C1_EV_IRQHandler
 184              		.thumb_set I2C1_EV_IRQHandler,__Default_Handler
 185              		.weak	I2C1_ER_IRQHandler
 186              		.thumb_set I2C1_ER_IRQHandler,__Default_Handler
 187              		.weak	I2C2_EV_IRQHandler
 188              		.thumb_set I2C2_EV_IRQHandler,__Default_Handler
 189              		.weak	I2C2_ER_IRQHandler
 190              		.thumb_set I2C2_ER_IRQHandler,__Default_Handler
 191              		.weak	SPI1_IRQHandler
 192              		.thumb_set SPI1_IRQHandler,__Default_Handler
 193              		.weak	SPI2_IRQHandler
 194              		.thumb_set SPI2_IRQHandler,__Default_Handler
 195              		.weak	USART1_IRQHandler
 196              		.thumb_set USART1_IRQHandler,__Default_Handler
 197              		.weak	USART2_IRQHandler
 198              		.thumb_set USART2_IRQHandler,__Default_Handler
 199              		.weak	USART3_IRQHandler
 200              		.thumb_set USART3_IRQHandler,__Default_Handler
 201              		.weak	EXTI15_10_IRQHandler
 202              		.thumb_set EXTI15_10_IRQHandler,__Default_Handler
 203              		.weak	RTC_Alarm_IRQHandler
 204              		.thumb_set RTC_Alarm_IRQHandler,__Default_Handler
 205              		.weak	USB_FS_WKUP_IRQHandler
 206              		.thumb_set USB_FS_WKUP_IRQHandler,__Default_Handler
 207              		.weak	TIM6_IRQHandler
ARM GAS  /tmp/cc5UHIDs.s 			page 5


 208              		.thumb_set TIM6_IRQHandler,__Default_Handler
 209              		.weak	TIM7_IRQHandler
 210              		.thumb_set TIM7_IRQHandler,__Default_Handler
 211              		.section	.vectors,"a",%progbits
 212              		.align	2
 213              		.type	vectors, %object
 214              		.size	vectors, 244
 215              	vectors:
 216 0000 00000000 		.word	__main_stack_end
 217 0004 00000000 		.word	Reset_Handler
 218 0008 00000000 		.word	NMI_Handler
 219 000c 00000000 		.word	HardFault_Handler
 220 0010 00000000 		.word	MemManage_Handler
 221 0014 00000000 		.word	BusFault_Handler
 222 0018 00000000 		.word	UsageFault_Handler
 223 001c 00000000 		.word	__Reserved_0x1C_Handler
 224 0020 00000000 		.word	__Reserved_0x20_Handler
 225 0024 00000000 		.word	__Reserved_0x24_Handler
 226 0028 00000000 		.word	__Reserved_0x28_Handler
 227 002c 00000000 		.word	SVC_Handler
 228 0030 00000000 		.word	DebugMon_Handler
 229 0034 00000000 		.word	__Reserved_0x34_Handler
 230 0038 00000000 		.word	PendSV_Handler
 231 003c 00000000 		.word	SysTick_Handler
 232 0040 00000000 		.word	WWDG_IRQHandler
 233 0044 00000000 		.word	PVD_IRQHandler
 234 0048 00000000 		.word	TAMPER_STAMP_IRQHandler
 235 004c 00000000 		.word	RTC_WKUP_IRQHandler
 236 0050 00000000 		.word	FLASH_IRQHandler
 237 0054 00000000 		.word	RCC_IRQHandler
 238 0058 00000000 		.word	EXTI0_IRQHandler
 239 005c 00000000 		.word	EXTI1_IRQHandler
 240 0060 00000000 		.word	EXTI2_IRQHandler
 241 0064 00000000 		.word	EXTI3_IRQHandler
 242 0068 00000000 		.word	EXTI4_IRQHandler
 243 006c 00000000 		.word	DMA1_Channel1_IRQHandler
 244 0070 00000000 		.word	DMA1_Channel2_IRQHandler
 245 0074 00000000 		.word	DMA1_Channel3_IRQHandler
 246 0078 00000000 		.word	DMA1_Channel4_IRQHandler
 247 007c 00000000 		.word	DMA1_Channel5_IRQHandler
 248 0080 00000000 		.word	DMA1_Channel6_IRQHandler
 249 0084 00000000 		.word	DMA1_Channel7_IRQHandler
 250 0088 00000000 		.word	ADC1_IRQHandler
 251 008c 00000000 		.word	USB_HP_IRQHandler
 252 0090 00000000 		.word	USB_LP_IRQHandler
 253 0094 00000000 		.word	DAC_IRQHandler
 254 0098 00000000 		.word	COMP_IRQHandler
 255 009c 00000000 		.word	EXTI9_5_IRQHandler
 256 00a0 00000000 		.word	LCD_IRQHandler
 257 00a4 00000000 		.word	TIM9_IRQHandler
 258 00a8 00000000 		.word	TIM10_IRQHandler
 259 00ac 00000000 		.word	TIM11_IRQHandler
 260 00b0 00000000 		.word	TIM2_IRQHandler
 261 00b4 00000000 		.word	TIM3_IRQHandler
 262 00b8 00000000 		.word	TIM4_IRQHandler
 263 00bc 00000000 		.word	I2C1_EV_IRQHandler
 264 00c0 00000000 		.word	I2C1_ER_IRQHandler
ARM GAS  /tmp/cc5UHIDs.s 			page 6


 265 00c4 00000000 		.word	I2C2_EV_IRQHandler
 266 00c8 00000000 		.word	I2C2_ER_IRQHandler
 267 00cc 00000000 		.word	SPI1_IRQHandler
 268 00d0 00000000 		.word	SPI2_IRQHandler
 269 00d4 00000000 		.word	USART1_IRQHandler
 270 00d8 00000000 		.word	USART2_IRQHandler
 271 00dc 00000000 		.word	USART3_IRQHandler
 272 00e0 00000000 		.word	EXTI15_10_IRQHandler
 273 00e4 00000000 		.word	RTC_Alarm_IRQHandler
 274 00e8 00000000 		.word	USB_FS_WKUP_IRQHandler
 275 00ec 00000000 		.word	TIM6_IRQHandler
 276 00f0 00000000 		.word	TIM7_IRQHandler
 277              		.text
 278              	.Letext0:
 279              		.section	.debug_info,"",%progbits
 280              	.Ldebug_info0:
 281 0000 AA000000 		.4byte	0xaa
 282 0004 0200     		.2byte	0x2
 283 0006 00000000 		.4byte	.Ldebug_abbrev0
 284 000a 04       		.byte	0x4
 285 000b 01       		.uleb128 0x1
 286 000c 69000000 		.4byte	.LASF4
 287 0010 01       		.byte	0x1
 288 0011 45000000 		.4byte	.LASF5
 289 0015 00000000 		.4byte	.LASF6
 290 0019 00000000 		.4byte	0
 291 001d 00000000 		.4byte	0
 292 0021 00000000 		.4byte	.Ldebug_ranges0+0
 293 0025 00000000 		.4byte	.Ldebug_line0
 294 0029 00000000 		.4byte	.Ldebug_macinfo0
 295 002d 02       		.uleb128 0x2
 296 002e 01       		.byte	0x1
 297 002f 22000000 		.4byte	.LASF7
 298 0033 01       		.byte	0x1
 299 0034 14       		.byte	0x14
 300 0035 01       		.byte	0x1
 301 0036 00000000 		.4byte	.LFB0
 302 003a 0A000000 		.4byte	.LFE0
 303 003e 02       		.byte	0x2
 304 003f 7D       		.byte	0x7d
 305 0040 00       		.sleb128 0
 306 0041 03       		.uleb128 0x3
 307 0042 4C000000 		.4byte	0x4c
 308 0046 4C000000 		.4byte	0x4c
 309 004a 04       		.uleb128 0x4
 310 004b 00       		.byte	0
 311 004c 05       		.uleb128 0x5
 312 004d 01       		.byte	0x1
 313 004e 08       		.byte	0x8
 314 004f B2000000 		.4byte	.LASF1
 315 0053 06       		.uleb128 0x6
 316 0054 34000000 		.4byte	.LASF0
 317 0058 01       		.byte	0x1
 318 0059 D2       		.byte	0xd2
 319 005a 60000000 		.4byte	0x60
 320 005e 01       		.byte	0x1
 321 005f 01       		.byte	0x1
ARM GAS  /tmp/cc5UHIDs.s 			page 7


 322 0060 07       		.uleb128 0x7
 323 0061 41000000 		.4byte	0x41
 324 0065 06       		.uleb128 0x6
 325 0066 34000000 		.4byte	.LASF0
 326 006a 01       		.byte	0x1
 327 006b D2       		.byte	0xd2
 328 006c 72000000 		.4byte	0x72
 329 0070 01       		.byte	0x1
 330 0071 01       		.byte	0x1
 331 0072 07       		.uleb128 0x7
 332 0073 41000000 		.4byte	0x41
 333 0077 03       		.uleb128 0x3
 334 0078 90000000 		.4byte	0x90
 335 007c 87000000 		.4byte	0x87
 336 0080 08       		.uleb128 0x8
 337 0081 87000000 		.4byte	0x87
 338 0085 3C       		.byte	0x3c
 339 0086 00       		.byte	0
 340 0087 05       		.uleb128 0x5
 341 0088 04       		.byte	0x4
 342 0089 07       		.byte	0x7
 343 008a 5C000000 		.4byte	.LASF2
 344 008e 09       		.uleb128 0x9
 345 008f 01       		.byte	0x1
 346 0090 0A       		.uleb128 0xa
 347 0091 04       		.byte	0x4
 348 0092 8E000000 		.4byte	0x8e
 349 0096 0B       		.uleb128 0xb
 350 0097 1A000000 		.4byte	.LASF3
 351 009b 01       		.byte	0x1
 352 009c D6       		.byte	0xd6
 353 009d A8000000 		.4byte	0xa8
 354 00a1 01       		.byte	0x1
 355 00a2 05       		.byte	0x5
 356 00a3 03       		.byte	0x3
 357 00a4 00000000 		.4byte	vectors
 358 00a8 07       		.uleb128 0x7
 359 00a9 77000000 		.4byte	0x77
 360 00ad 00       		.byte	0
 361              		.section	.debug_abbrev,"",%progbits
 362              	.Ldebug_abbrev0:
 363 0000 01       		.uleb128 0x1
 364 0001 11       		.uleb128 0x11
 365 0002 01       		.byte	0x1
 366 0003 25       		.uleb128 0x25
 367 0004 0E       		.uleb128 0xe
 368 0005 13       		.uleb128 0x13
 369 0006 0B       		.uleb128 0xb
 370 0007 03       		.uleb128 0x3
 371 0008 0E       		.uleb128 0xe
 372 0009 1B       		.uleb128 0x1b
 373 000a 0E       		.uleb128 0xe
 374 000b 11       		.uleb128 0x11
 375 000c 01       		.uleb128 0x1
 376 000d 52       		.uleb128 0x52
 377 000e 01       		.uleb128 0x1
 378 000f 55       		.uleb128 0x55
ARM GAS  /tmp/cc5UHIDs.s 			page 8


 379 0010 06       		.uleb128 0x6
 380 0011 10       		.uleb128 0x10
 381 0012 06       		.uleb128 0x6
 382 0013 43       		.uleb128 0x43
 383 0014 06       		.uleb128 0x6
 384 0015 00       		.byte	0
 385 0016 00       		.byte	0
 386 0017 02       		.uleb128 0x2
 387 0018 2E       		.uleb128 0x2e
 388 0019 00       		.byte	0
 389 001a 3F       		.uleb128 0x3f
 390 001b 0C       		.uleb128 0xc
 391 001c 03       		.uleb128 0x3
 392 001d 0E       		.uleb128 0xe
 393 001e 3A       		.uleb128 0x3a
 394 001f 0B       		.uleb128 0xb
 395 0020 3B       		.uleb128 0x3b
 396 0021 0B       		.uleb128 0xb
 397 0022 27       		.uleb128 0x27
 398 0023 0C       		.uleb128 0xc
 399 0024 11       		.uleb128 0x11
 400 0025 01       		.uleb128 0x1
 401 0026 12       		.uleb128 0x12
 402 0027 01       		.uleb128 0x1
 403 0028 40       		.uleb128 0x40
 404 0029 0A       		.uleb128 0xa
 405 002a 00       		.byte	0
 406 002b 00       		.byte	0
 407 002c 03       		.uleb128 0x3
 408 002d 01       		.uleb128 0x1
 409 002e 01       		.byte	0x1
 410 002f 49       		.uleb128 0x49
 411 0030 13       		.uleb128 0x13
 412 0031 01       		.uleb128 0x1
 413 0032 13       		.uleb128 0x13
 414 0033 00       		.byte	0
 415 0034 00       		.byte	0
 416 0035 04       		.uleb128 0x4
 417 0036 21       		.uleb128 0x21
 418 0037 00       		.byte	0
 419 0038 00       		.byte	0
 420 0039 00       		.byte	0
 421 003a 05       		.uleb128 0x5
 422 003b 24       		.uleb128 0x24
 423 003c 00       		.byte	0
 424 003d 0B       		.uleb128 0xb
 425 003e 0B       		.uleb128 0xb
 426 003f 3E       		.uleb128 0x3e
 427 0040 0B       		.uleb128 0xb
 428 0041 03       		.uleb128 0x3
 429 0042 0E       		.uleb128 0xe
 430 0043 00       		.byte	0
 431 0044 00       		.byte	0
 432 0045 06       		.uleb128 0x6
 433 0046 34       		.uleb128 0x34
 434 0047 00       		.byte	0
 435 0048 03       		.uleb128 0x3
ARM GAS  /tmp/cc5UHIDs.s 			page 9


 436 0049 0E       		.uleb128 0xe
 437 004a 3A       		.uleb128 0x3a
 438 004b 0B       		.uleb128 0xb
 439 004c 3B       		.uleb128 0x3b
 440 004d 0B       		.uleb128 0xb
 441 004e 49       		.uleb128 0x49
 442 004f 13       		.uleb128 0x13
 443 0050 3F       		.uleb128 0x3f
 444 0051 0C       		.uleb128 0xc
 445 0052 3C       		.uleb128 0x3c
 446 0053 0C       		.uleb128 0xc
 447 0054 00       		.byte	0
 448 0055 00       		.byte	0
 449 0056 07       		.uleb128 0x7
 450 0057 26       		.uleb128 0x26
 451 0058 00       		.byte	0
 452 0059 49       		.uleb128 0x49
 453 005a 13       		.uleb128 0x13
 454 005b 00       		.byte	0
 455 005c 00       		.byte	0
 456 005d 08       		.uleb128 0x8
 457 005e 21       		.uleb128 0x21
 458 005f 00       		.byte	0
 459 0060 49       		.uleb128 0x49
 460 0061 13       		.uleb128 0x13
 461 0062 2F       		.uleb128 0x2f
 462 0063 0B       		.uleb128 0xb
 463 0064 00       		.byte	0
 464 0065 00       		.byte	0
 465 0066 09       		.uleb128 0x9
 466 0067 15       		.uleb128 0x15
 467 0068 00       		.byte	0
 468 0069 27       		.uleb128 0x27
 469 006a 0C       		.uleb128 0xc
 470 006b 00       		.byte	0
 471 006c 00       		.byte	0
 472 006d 0A       		.uleb128 0xa
 473 006e 0F       		.uleb128 0xf
 474 006f 00       		.byte	0
 475 0070 0B       		.uleb128 0xb
 476 0071 0B       		.uleb128 0xb
 477 0072 49       		.uleb128 0x49
 478 0073 13       		.uleb128 0x13
 479 0074 00       		.byte	0
 480 0075 00       		.byte	0
 481 0076 0B       		.uleb128 0xb
 482 0077 34       		.uleb128 0x34
 483 0078 00       		.byte	0
 484 0079 03       		.uleb128 0x3
 485 007a 0E       		.uleb128 0xe
 486 007b 3A       		.uleb128 0x3a
 487 007c 0B       		.uleb128 0xb
 488 007d 3B       		.uleb128 0x3b
 489 007e 0B       		.uleb128 0xb
 490 007f 49       		.uleb128 0x49
 491 0080 13       		.uleb128 0x13
 492 0081 3F       		.uleb128 0x3f
ARM GAS  /tmp/cc5UHIDs.s 			page 10


 493 0082 0C       		.uleb128 0xc
 494 0083 02       		.uleb128 0x2
 495 0084 0A       		.uleb128 0xa
 496 0085 00       		.byte	0
 497 0086 00       		.byte	0
 498 0087 00       		.byte	0
 499              		.section	.debug_aranges,"",%progbits
 500 0000 1C000000 		.4byte	0x1c
 501 0004 0200     		.2byte	0x2
 502 0006 00000000 		.4byte	.Ldebug_info0
 503 000a 04       		.byte	0x4
 504 000b 00       		.byte	0
 505 000c 0000     		.2byte	0
 506 000e 0000     		.2byte	0
 507 0010 00000000 		.4byte	.LFB0
 508 0014 0A000000 		.4byte	.LFE0-.LFB0
 509 0018 00000000 		.4byte	0
 510 001c 00000000 		.4byte	0
 511              		.section	.debug_ranges,"",%progbits
 512              	.Ldebug_ranges0:
 513 0000 00000000 		.4byte	.LFB0
 514 0004 0A000000 		.4byte	.LFE0
 515 0008 00000000 		.4byte	0
 516 000c 00000000 		.4byte	0
 517              		.section	.debug_line,"",%progbits
 518              	.Ldebug_line0:
 519 0000 42000000 		.section	.debug_macinfo,"",%progbits
 519      02002D00 
 519      00000201 
 519      FB0E0D00 
 519      01010101 
 520              	.Ldebug_macinfo0:
 521 0000 01       		.byte	0x1
 522 0001 00       		.uleb128 0
 523 0002 5F5F5354 		.ascii	"__STDC__ 1\000"
 523      44435F5F 
 523      203100
 524 000d 01       		.byte	0x1
 525 000e 00       		.uleb128 0
 526 000f 5F5F5354 		.ascii	"__STDC_HOSTED__ 1\000"
 526      44435F48 
 526      4F535445 
 526      445F5F20 
 526      3100
 527 0021 01       		.byte	0x1
 528 0022 00       		.uleb128 0
 529 0023 5F5F474E 		.ascii	"__GNUC__ 4\000"
 529      55435F5F 
 529      203400
 530 002e 01       		.byte	0x1
 531 002f 00       		.uleb128 0
 532 0030 5F5F474E 		.ascii	"__GNUC_MINOR__ 6\000"
 532      55435F4D 
 532      494E4F52 
 532      5F5F2036 
 532      00
 533 0041 01       		.byte	0x1
ARM GAS  /tmp/cc5UHIDs.s 			page 11


 534 0042 00       		.uleb128 0
 535 0043 5F5F474E 		.ascii	"__GNUC_PATCHLEVEL__ 2\000"
 535      55435F50 
 535      41544348 
 535      4C455645 
 535      4C5F5F20 
 536 0059 01       		.byte	0x1
 537 005a 00       		.uleb128 0
 538 005b 5F5F5645 		.ascii	"__VERSION__ \"4.6.2 20110921 (release) [ARM/embedde"
 538      5253494F 
 538      4E5F5F20 
 538      22342E36 
 538      2E322032 
 539 008d 642D345F 		.ascii	"d-4_6-branch revision 182083]\"\000"
 539      362D6272 
 539      616E6368 
 539      20726576 
 539      6973696F 
 540 00ac 01       		.byte	0x1
 541 00ad 00       		.uleb128 0
 542 00ae 5F5F4F50 		.ascii	"__OPTIMIZE_SIZE__ 1\000"
 542      54494D49 
 542      5A455F53 
 542      495A455F 
 542      5F203100 
 543 00c2 01       		.byte	0x1
 544 00c3 00       		.uleb128 0
 545 00c4 5F5F4F50 		.ascii	"__OPTIMIZE__ 1\000"
 545      54494D49 
 545      5A455F5F 
 545      203100
 546 00d3 01       		.byte	0x1
 547 00d4 00       		.uleb128 0
 548 00d5 5F5F4649 		.ascii	"__FINITE_MATH_ONLY__ 0\000"
 548      4E495445 
 548      5F4D4154 
 548      485F4F4E 
 548      4C595F5F 
 549 00ec 01       		.byte	0x1
 550 00ed 00       		.uleb128 0
 551 00ee 5F5F5349 		.ascii	"__SIZEOF_INT__ 4\000"
 551      5A454F46 
 551      5F494E54 
 551      5F5F2034 
 551      00
 552 00ff 01       		.byte	0x1
 553 0100 00       		.uleb128 0
 554 0101 5F5F5349 		.ascii	"__SIZEOF_LONG__ 4\000"
 554      5A454F46 
 554      5F4C4F4E 
 554      475F5F20 
 554      3400
 555 0113 01       		.byte	0x1
 556 0114 00       		.uleb128 0
 557 0115 5F5F5349 		.ascii	"__SIZEOF_LONG_LONG__ 8\000"
 557      5A454F46 
 557      5F4C4F4E 
ARM GAS  /tmp/cc5UHIDs.s 			page 12


 557      475F4C4F 
 557      4E475F5F 
 558 012c 01       		.byte	0x1
 559 012d 00       		.uleb128 0
 560 012e 5F5F5349 		.ascii	"__SIZEOF_SHORT__ 2\000"
 560      5A454F46 
 560      5F53484F 
 560      52545F5F 
 560      203200
 561 0141 01       		.byte	0x1
 562 0142 00       		.uleb128 0
 563 0143 5F5F5349 		.ascii	"__SIZEOF_FLOAT__ 4\000"
 563      5A454F46 
 563      5F464C4F 
 563      41545F5F 
 563      203400
 564 0156 01       		.byte	0x1
 565 0157 00       		.uleb128 0
 566 0158 5F5F5349 		.ascii	"__SIZEOF_DOUBLE__ 8\000"
 566      5A454F46 
 566      5F444F55 
 566      424C455F 
 566      5F203800 
 567 016c 01       		.byte	0x1
 568 016d 00       		.uleb128 0
 569 016e 5F5F5349 		.ascii	"__SIZEOF_LONG_DOUBLE__ 8\000"
 569      5A454F46 
 569      5F4C4F4E 
 569      475F444F 
 569      55424C45 
 570 0187 01       		.byte	0x1
 571 0188 00       		.uleb128 0
 572 0189 5F5F5349 		.ascii	"__SIZEOF_SIZE_T__ 4\000"
 572      5A454F46 
 572      5F53495A 
 572      455F545F 
 572      5F203400 
 573 019d 01       		.byte	0x1
 574 019e 00       		.uleb128 0
 575 019f 5F5F4348 		.ascii	"__CHAR_BIT__ 8\000"
 575      41525F42 
 575      49545F5F 
 575      203800
 576 01ae 01       		.byte	0x1
 577 01af 00       		.uleb128 0
 578 01b0 5F5F4249 		.ascii	"__BIGGEST_ALIGNMENT__ 8\000"
 578      47474553 
 578      545F414C 
 578      49474E4D 
 578      454E545F 
 579 01c8 01       		.byte	0x1
 580 01c9 00       		.uleb128 0
 581 01ca 5F5F4F52 		.ascii	"__ORDER_LITTLE_ENDIAN__ 1234\000"
 581      4445525F 
 581      4C495454 
 581      4C455F45 
 581      4E444941 
ARM GAS  /tmp/cc5UHIDs.s 			page 13


 582 01e7 01       		.byte	0x1
 583 01e8 00       		.uleb128 0
 584 01e9 5F5F4F52 		.ascii	"__ORDER_BIG_ENDIAN__ 4321\000"
 584      4445525F 
 584      4249475F 
 584      454E4449 
 584      414E5F5F 
 585 0203 01       		.byte	0x1
 586 0204 00       		.uleb128 0
 587 0205 5F5F4F52 		.ascii	"__ORDER_PDP_ENDIAN__ 3412\000"
 587      4445525F 
 587      5044505F 
 587      454E4449 
 587      414E5F5F 
 588 021f 01       		.byte	0x1
 589 0220 00       		.uleb128 0
 590 0221 5F5F4259 		.ascii	"__BYTE_ORDER__ __ORDER_LITTLE_ENDIAN__\000"
 590      54455F4F 
 590      52444552 
 590      5F5F205F 
 590      5F4F5244 
 591 0248 01       		.byte	0x1
 592 0249 00       		.uleb128 0
 593 024a 5F5F464C 		.ascii	"__FLOAT_WORD_ORDER__ __ORDER_LITTLE_ENDIAN__\000"
 593      4F41545F 
 593      574F5244 
 593      5F4F5244 
 593      45525F5F 
 594 0277 01       		.byte	0x1
 595 0278 00       		.uleb128 0
 596 0279 5F5F5349 		.ascii	"__SIZEOF_POINTER__ 4\000"
 596      5A454F46 
 596      5F504F49 
 596      4E544552 
 596      5F5F2034 
 597 028e 01       		.byte	0x1
 598 028f 00       		.uleb128 0
 599 0290 5F5F5349 		.ascii	"__SIZE_TYPE__ unsigned int\000"
 599      5A455F54 
 599      5950455F 
 599      5F20756E 
 599      7369676E 
 600 02ab 01       		.byte	0x1
 601 02ac 00       		.uleb128 0
 602 02ad 5F5F5054 		.ascii	"__PTRDIFF_TYPE__ int\000"
 602      52444946 
 602      465F5459 
 602      50455F5F 
 602      20696E74 
 603 02c2 01       		.byte	0x1
 604 02c3 00       		.uleb128 0
 605 02c4 5F5F5743 		.ascii	"__WCHAR_TYPE__ unsigned int\000"
 605      4841525F 
 605      54595045 
 605      5F5F2075 
 605      6E736967 
 606 02e0 01       		.byte	0x1
ARM GAS  /tmp/cc5UHIDs.s 			page 14


 607 02e1 00       		.uleb128 0
 608 02e2 5F5F5749 		.ascii	"__WINT_TYPE__ unsigned int\000"
 608      4E545F54 
 608      5950455F 
 608      5F20756E 
 608      7369676E 
 609 02fd 01       		.byte	0x1
 610 02fe 00       		.uleb128 0
 611 02ff 5F5F494E 		.ascii	"__INTMAX_TYPE__ long long int\000"
 611      544D4158 
 611      5F545950 
 611      455F5F20 
 611      6C6F6E67 
 612 031d 01       		.byte	0x1
 613 031e 00       		.uleb128 0
 614 031f 5F5F5549 		.ascii	"__UINTMAX_TYPE__ long long unsigned int\000"
 614      4E544D41 
 614      585F5459 
 614      50455F5F 
 614      206C6F6E 
 615 0347 01       		.byte	0x1
 616 0348 00       		.uleb128 0
 617 0349 5F5F4348 		.ascii	"__CHAR16_TYPE__ short unsigned int\000"
 617      41523136 
 617      5F545950 
 617      455F5F20 
 617      73686F72 
 618 036c 01       		.byte	0x1
 619 036d 00       		.uleb128 0
 620 036e 5F5F4348 		.ascii	"__CHAR32_TYPE__ long unsigned int\000"
 620      41523332 
 620      5F545950 
 620      455F5F20 
 620      6C6F6E67 
 621 0390 01       		.byte	0x1
 622 0391 00       		.uleb128 0
 623 0392 5F5F5349 		.ascii	"__SIG_ATOMIC_TYPE__ int\000"
 623      475F4154 
 623      4F4D4943 
 623      5F545950 
 623      455F5F20 
 624 03aa 01       		.byte	0x1
 625 03ab 00       		.uleb128 0
 626 03ac 5F5F494E 		.ascii	"__INT8_TYPE__ signed char\000"
 626      54385F54 
 626      5950455F 
 626      5F207369 
 626      676E6564 
 627 03c6 01       		.byte	0x1
 628 03c7 00       		.uleb128 0
 629 03c8 5F5F494E 		.ascii	"__INT16_TYPE__ short int\000"
 629      5431365F 
 629      54595045 
 629      5F5F2073 
 629      686F7274 
 630 03e1 01       		.byte	0x1
 631 03e2 00       		.uleb128 0
ARM GAS  /tmp/cc5UHIDs.s 			page 15


 632 03e3 5F5F494E 		.ascii	"__INT32_TYPE__ long int\000"
 632      5433325F 
 632      54595045 
 632      5F5F206C 
 632      6F6E6720 
 633 03fb 01       		.byte	0x1
 634 03fc 00       		.uleb128 0
 635 03fd 5F5F494E 		.ascii	"__INT64_TYPE__ long long int\000"
 635      5436345F 
 635      54595045 
 635      5F5F206C 
 635      6F6E6720 
 636 041a 01       		.byte	0x1
 637 041b 00       		.uleb128 0
 638 041c 5F5F5549 		.ascii	"__UINT8_TYPE__ unsigned char\000"
 638      4E54385F 
 638      54595045 
 638      5F5F2075 
 638      6E736967 
 639 0439 01       		.byte	0x1
 640 043a 00       		.uleb128 0
 641 043b 5F5F5549 		.ascii	"__UINT16_TYPE__ short unsigned int\000"
 641      4E543136 
 641      5F545950 
 641      455F5F20 
 641      73686F72 
 642 045e 01       		.byte	0x1
 643 045f 00       		.uleb128 0
 644 0460 5F5F5549 		.ascii	"__UINT32_TYPE__ long unsigned int\000"
 644      4E543332 
 644      5F545950 
 644      455F5F20 
 644      6C6F6E67 
 645 0482 01       		.byte	0x1
 646 0483 00       		.uleb128 0
 647 0484 5F5F5549 		.ascii	"__UINT64_TYPE__ long long unsigned int\000"
 647      4E543634 
 647      5F545950 
 647      455F5F20 
 647      6C6F6E67 
 648 04ab 01       		.byte	0x1
 649 04ac 00       		.uleb128 0
 650 04ad 5F5F494E 		.ascii	"__INT_LEAST8_TYPE__ signed char\000"
 650      545F4C45 
 650      41535438 
 650      5F545950 
 650      455F5F20 
 651 04cd 01       		.byte	0x1
 652 04ce 00       		.uleb128 0
 653 04cf 5F5F494E 		.ascii	"__INT_LEAST16_TYPE__ short int\000"
 653      545F4C45 
 653      41535431 
 653      365F5459 
 653      50455F5F 
 654 04ee 01       		.byte	0x1
 655 04ef 00       		.uleb128 0
 656 04f0 5F5F494E 		.ascii	"__INT_LEAST32_TYPE__ long int\000"
ARM GAS  /tmp/cc5UHIDs.s 			page 16


 656      545F4C45 
 656      41535433 
 656      325F5459 
 656      50455F5F 
 657 050e 01       		.byte	0x1
 658 050f 00       		.uleb128 0
 659 0510 5F5F494E 		.ascii	"__INT_LEAST64_TYPE__ long long int\000"
 659      545F4C45 
 659      41535436 
 659      345F5459 
 659      50455F5F 
 660 0533 01       		.byte	0x1
 661 0534 00       		.uleb128 0
 662 0535 5F5F5549 		.ascii	"__UINT_LEAST8_TYPE__ unsigned char\000"
 662      4E545F4C 
 662      45415354 
 662      385F5459 
 662      50455F5F 
 663 0558 01       		.byte	0x1
 664 0559 00       		.uleb128 0
 665 055a 5F5F5549 		.ascii	"__UINT_LEAST16_TYPE__ short unsigned int\000"
 665      4E545F4C 
 665      45415354 
 665      31365F54 
 665      5950455F 
 666 0583 01       		.byte	0x1
 667 0584 00       		.uleb128 0
 668 0585 5F5F5549 		.ascii	"__UINT_LEAST32_TYPE__ long unsigned int\000"
 668      4E545F4C 
 668      45415354 
 668      33325F54 
 668      5950455F 
 669 05ad 01       		.byte	0x1
 670 05ae 00       		.uleb128 0
 671 05af 5F5F5549 		.ascii	"__UINT_LEAST64_TYPE__ long long unsigned int\000"
 671      4E545F4C 
 671      45415354 
 671      36345F54 
 671      5950455F 
 672 05dc 01       		.byte	0x1
 673 05dd 00       		.uleb128 0
 674 05de 5F5F494E 		.ascii	"__INT_FAST8_TYPE__ int\000"
 674      545F4641 
 674      5354385F 
 674      54595045 
 674      5F5F2069 
 675 05f5 01       		.byte	0x1
 676 05f6 00       		.uleb128 0
 677 05f7 5F5F494E 		.ascii	"__INT_FAST16_TYPE__ int\000"
 677      545F4641 
 677      53543136 
 677      5F545950 
 677      455F5F20 
 678 060f 01       		.byte	0x1
 679 0610 00       		.uleb128 0
 680 0611 5F5F494E 		.ascii	"__INT_FAST32_TYPE__ int\000"
 680      545F4641 
ARM GAS  /tmp/cc5UHIDs.s 			page 17


 680      53543332 
 680      5F545950 
 680      455F5F20 
 681 0629 01       		.byte	0x1
 682 062a 00       		.uleb128 0
 683 062b 5F5F494E 		.ascii	"__INT_FAST64_TYPE__ long long int\000"
 683      545F4641 
 683      53543634 
 683      5F545950 
 683      455F5F20 
 684 064d 01       		.byte	0x1
 685 064e 00       		.uleb128 0
 686 064f 5F5F5549 		.ascii	"__UINT_FAST8_TYPE__ unsigned int\000"
 686      4E545F46 
 686      41535438 
 686      5F545950 
 686      455F5F20 
 687 0670 01       		.byte	0x1
 688 0671 00       		.uleb128 0
 689 0672 5F5F5549 		.ascii	"__UINT_FAST16_TYPE__ unsigned int\000"
 689      4E545F46 
 689      41535431 
 689      365F5459 
 689      50455F5F 
 690 0694 01       		.byte	0x1
 691 0695 00       		.uleb128 0
 692 0696 5F5F5549 		.ascii	"__UINT_FAST32_TYPE__ unsigned int\000"
 692      4E545F46 
 692      41535433 
 692      325F5459 
 692      50455F5F 
 693 06b8 01       		.byte	0x1
 694 06b9 00       		.uleb128 0
 695 06ba 5F5F5549 		.ascii	"__UINT_FAST64_TYPE__ long long unsigned int\000"
 695      4E545F46 
 695      41535436 
 695      345F5459 
 695      50455F5F 
 696 06e6 01       		.byte	0x1
 697 06e7 00       		.uleb128 0
 698 06e8 5F5F494E 		.ascii	"__INTPTR_TYPE__ int\000"
 698      54505452 
 698      5F545950 
 698      455F5F20 
 698      696E7400 
 699 06fc 01       		.byte	0x1
 700 06fd 00       		.uleb128 0
 701 06fe 5F5F5549 		.ascii	"__UINTPTR_TYPE__ unsigned int\000"
 701      4E545054 
 701      525F5459 
 701      50455F5F 
 701      20756E73 
 702 071c 01       		.byte	0x1
 703 071d 00       		.uleb128 0
 704 071e 5F5F4758 		.ascii	"__GXX_ABI_VERSION 1002\000"
 704      585F4142 
 704      495F5645 
ARM GAS  /tmp/cc5UHIDs.s 			page 18


 704      5253494F 
 704      4E203130 
 705 0735 01       		.byte	0x1
 706 0736 00       		.uleb128 0
 707 0737 5F5F5343 		.ascii	"__SCHAR_MAX__ 127\000"
 707      4841525F 
 707      4D41585F 
 707      5F203132 
 707      3700
 708 0749 01       		.byte	0x1
 709 074a 00       		.uleb128 0
 710 074b 5F5F5348 		.ascii	"__SHRT_MAX__ 32767\000"
 710      52545F4D 
 710      41585F5F 
 710      20333237 
 710      363700
 711 075e 01       		.byte	0x1
 712 075f 00       		.uleb128 0
 713 0760 5F5F494E 		.ascii	"__INT_MAX__ 2147483647\000"
 713      545F4D41 
 713      585F5F20 
 713      32313437 
 713      34383336 
 714 0777 01       		.byte	0x1
 715 0778 00       		.uleb128 0
 716 0779 5F5F4C4F 		.ascii	"__LONG_MAX__ 2147483647L\000"
 716      4E475F4D 
 716      41585F5F 
 716      20323134 
 716      37343833 
 717 0792 01       		.byte	0x1
 718 0793 00       		.uleb128 0
 719 0794 5F5F4C4F 		.ascii	"__LONG_LONG_MAX__ 9223372036854775807LL\000"
 719      4E475F4C 
 719      4F4E475F 
 719      4D41585F 
 719      5F203932 
 720 07bc 01       		.byte	0x1
 721 07bd 00       		.uleb128 0
 722 07be 5F5F5743 		.ascii	"__WCHAR_MAX__ 4294967295U\000"
 722      4841525F 
 722      4D41585F 
 722      5F203432 
 722      39343936 
 723 07d8 01       		.byte	0x1
 724 07d9 00       		.uleb128 0
 725 07da 5F5F5743 		.ascii	"__WCHAR_MIN__ 0U\000"
 725      4841525F 
 725      4D494E5F 
 725      5F203055 
 725      00
 726 07eb 01       		.byte	0x1
 727 07ec 00       		.uleb128 0
 728 07ed 5F5F5749 		.ascii	"__WINT_MAX__ 4294967295U\000"
 728      4E545F4D 
 728      41585F5F 
 728      20343239 
ARM GAS  /tmp/cc5UHIDs.s 			page 19


 728      34393637 
 729 0806 01       		.byte	0x1
 730 0807 00       		.uleb128 0
 731 0808 5F5F5749 		.ascii	"__WINT_MIN__ 0U\000"
 731      4E545F4D 
 731      494E5F5F 
 731      20305500 
 732 0818 01       		.byte	0x1
 733 0819 00       		.uleb128 0
 734 081a 5F5F5054 		.ascii	"__PTRDIFF_MAX__ 2147483647\000"
 734      52444946 
 734      465F4D41 
 734      585F5F20 
 734      32313437 
 735 0835 01       		.byte	0x1
 736 0836 00       		.uleb128 0
 737 0837 5F5F5349 		.ascii	"__SIZE_MAX__ 4294967295U\000"
 737      5A455F4D 
 737      41585F5F 
 737      20343239 
 737      34393637 
 738 0850 01       		.byte	0x1
 739 0851 00       		.uleb128 0
 740 0852 5F5F494E 		.ascii	"__INTMAX_MAX__ 9223372036854775807LL\000"
 740      544D4158 
 740      5F4D4158 
 740      5F5F2039 
 740      32323333 
 741 0877 01       		.byte	0x1
 742 0878 00       		.uleb128 0
 743 0879 5F5F494E 		.ascii	"__INTMAX_C(c) c ## LL\000"
 743      544D4158 
 743      5F432863 
 743      29206320 
 743      2323204C 
 744 088f 01       		.byte	0x1
 745 0890 00       		.uleb128 0
 746 0891 5F5F5549 		.ascii	"__UINTMAX_MAX__ 18446744073709551615ULL\000"
 746      4E544D41 
 746      585F4D41 
 746      585F5F20 
 746      31383434 
 747 08b9 01       		.byte	0x1
 748 08ba 00       		.uleb128 0
 749 08bb 5F5F5549 		.ascii	"__UINTMAX_C(c) c ## ULL\000"
 749      4E544D41 
 749      585F4328 
 749      63292063 
 749      20232320 
 750 08d3 01       		.byte	0x1
 751 08d4 00       		.uleb128 0
 752 08d5 5F5F5349 		.ascii	"__SIG_ATOMIC_MAX__ 2147483647\000"
 752      475F4154 
 752      4F4D4943 
 752      5F4D4158 
 752      5F5F2032 
 753 08f3 01       		.byte	0x1
ARM GAS  /tmp/cc5UHIDs.s 			page 20


 754 08f4 00       		.uleb128 0
 755 08f5 5F5F5349 		.ascii	"__SIG_ATOMIC_MIN__ (-__SIG_ATOMIC_MAX__ - 1)\000"
 755      475F4154 
 755      4F4D4943 
 755      5F4D494E 
 755      5F5F2028 
 756 0922 01       		.byte	0x1
 757 0923 00       		.uleb128 0
 758 0924 5F5F494E 		.ascii	"__INT8_MAX__ 127\000"
 758      54385F4D 
 758      41585F5F 
 758      20313237 
 758      00
 759 0935 01       		.byte	0x1
 760 0936 00       		.uleb128 0
 761 0937 5F5F494E 		.ascii	"__INT16_MAX__ 32767\000"
 761      5431365F 
 761      4D41585F 
 761      5F203332 
 761      37363700 
 762 094b 01       		.byte	0x1
 763 094c 00       		.uleb128 0
 764 094d 5F5F494E 		.ascii	"__INT32_MAX__ 2147483647L\000"
 764      5433325F 
 764      4D41585F 
 764      5F203231 
 764      34373438 
 765 0967 01       		.byte	0x1
 766 0968 00       		.uleb128 0
 767 0969 5F5F494E 		.ascii	"__INT64_MAX__ 9223372036854775807LL\000"
 767      5436345F 
 767      4D41585F 
 767      5F203932 
 767      32333337 
 768 098d 01       		.byte	0x1
 769 098e 00       		.uleb128 0
 770 098f 5F5F5549 		.ascii	"__UINT8_MAX__ 255\000"
 770      4E54385F 
 770      4D41585F 
 770      5F203235 
 770      3500
 771 09a1 01       		.byte	0x1
 772 09a2 00       		.uleb128 0
 773 09a3 5F5F5549 		.ascii	"__UINT16_MAX__ 65535\000"
 773      4E543136 
 773      5F4D4158 
 773      5F5F2036 
 773      35353335 
 774 09b8 01       		.byte	0x1
 775 09b9 00       		.uleb128 0
 776 09ba 5F5F5549 		.ascii	"__UINT32_MAX__ 4294967295UL\000"
 776      4E543332 
 776      5F4D4158 
 776      5F5F2034 
 776      32393439 
 777 09d6 01       		.byte	0x1
 778 09d7 00       		.uleb128 0
ARM GAS  /tmp/cc5UHIDs.s 			page 21


 779 09d8 5F5F5549 		.ascii	"__UINT64_MAX__ 18446744073709551615ULL\000"
 779      4E543634 
 779      5F4D4158 
 779      5F5F2031 
 779      38343436 
 780 09ff 01       		.byte	0x1
 781 0a00 00       		.uleb128 0
 782 0a01 5F5F494E 		.ascii	"__INT_LEAST8_MAX__ 127\000"
 782      545F4C45 
 782      41535438 
 782      5F4D4158 
 782      5F5F2031 
 783 0a18 01       		.byte	0x1
 784 0a19 00       		.uleb128 0
 785 0a1a 5F5F494E 		.ascii	"__INT8_C(c) c\000"
 785      54385F43 
 785      28632920 
 785      6300
 786 0a28 01       		.byte	0x1
 787 0a29 00       		.uleb128 0
 788 0a2a 5F5F494E 		.ascii	"__INT_LEAST16_MAX__ 32767\000"
 788      545F4C45 
 788      41535431 
 788      365F4D41 
 788      585F5F20 
 789 0a44 01       		.byte	0x1
 790 0a45 00       		.uleb128 0
 791 0a46 5F5F494E 		.ascii	"__INT16_C(c) c\000"
 791      5431365F 
 791      43286329 
 791      206300
 792 0a55 01       		.byte	0x1
 793 0a56 00       		.uleb128 0
 794 0a57 5F5F494E 		.ascii	"__INT_LEAST32_MAX__ 2147483647L\000"
 794      545F4C45 
 794      41535433 
 794      325F4D41 
 794      585F5F20 
 795 0a77 01       		.byte	0x1
 796 0a78 00       		.uleb128 0
 797 0a79 5F5F494E 		.ascii	"__INT32_C(c) c ## L\000"
 797      5433325F 
 797      43286329 
 797      20632023 
 797      23204C00 
 798 0a8d 01       		.byte	0x1
 799 0a8e 00       		.uleb128 0
 800 0a8f 5F5F494E 		.ascii	"__INT_LEAST64_MAX__ 9223372036854775807LL\000"
 800      545F4C45 
 800      41535436 
 800      345F4D41 
 800      585F5F20 
 801 0ab9 01       		.byte	0x1
 802 0aba 00       		.uleb128 0
 803 0abb 5F5F494E 		.ascii	"__INT64_C(c) c ## LL\000"
 803      5436345F 
 803      43286329 
ARM GAS  /tmp/cc5UHIDs.s 			page 22


 803      20632023 
 803      23204C4C 
 804 0ad0 01       		.byte	0x1
 805 0ad1 00       		.uleb128 0
 806 0ad2 5F5F5549 		.ascii	"__UINT_LEAST8_MAX__ 255\000"
 806      4E545F4C 
 806      45415354 
 806      385F4D41 
 806      585F5F20 
 807 0aea 01       		.byte	0x1
 808 0aeb 00       		.uleb128 0
 809 0aec 5F5F5549 		.ascii	"__UINT8_C(c) c\000"
 809      4E54385F 
 809      43286329 
 809      206300
 810 0afb 01       		.byte	0x1
 811 0afc 00       		.uleb128 0
 812 0afd 5F5F5549 		.ascii	"__UINT_LEAST16_MAX__ 65535\000"
 812      4E545F4C 
 812      45415354 
 812      31365F4D 
 812      41585F5F 
 813 0b18 01       		.byte	0x1
 814 0b19 00       		.uleb128 0
 815 0b1a 5F5F5549 		.ascii	"__UINT16_C(c) c\000"
 815      4E543136 
 815      5F432863 
 815      29206300 
 816 0b2a 01       		.byte	0x1
 817 0b2b 00       		.uleb128 0
 818 0b2c 5F5F5549 		.ascii	"__UINT_LEAST32_MAX__ 4294967295UL\000"
 818      4E545F4C 
 818      45415354 
 818      33325F4D 
 818      41585F5F 
 819 0b4e 01       		.byte	0x1
 820 0b4f 00       		.uleb128 0
 821 0b50 5F5F5549 		.ascii	"__UINT32_C(c) c ## UL\000"
 821      4E543332 
 821      5F432863 
 821      29206320 
 821      23232055 
 822 0b66 01       		.byte	0x1
 823 0b67 00       		.uleb128 0
 824 0b68 5F5F5549 		.ascii	"__UINT_LEAST64_MAX__ 18446744073709551615ULL\000"
 824      4E545F4C 
 824      45415354 
 824      36345F4D 
 824      41585F5F 
 825 0b95 01       		.byte	0x1
 826 0b96 00       		.uleb128 0
 827 0b97 5F5F5549 		.ascii	"__UINT64_C(c) c ## ULL\000"
 827      4E543634 
 827      5F432863 
 827      29206320 
 827      23232055 
 828 0bae 01       		.byte	0x1
ARM GAS  /tmp/cc5UHIDs.s 			page 23


 829 0baf 00       		.uleb128 0
 830 0bb0 5F5F494E 		.ascii	"__INT_FAST8_MAX__ 2147483647\000"
 830      545F4641 
 830      5354385F 
 830      4D41585F 
 830      5F203231 
 831 0bcd 01       		.byte	0x1
 832 0bce 00       		.uleb128 0
 833 0bcf 5F5F494E 		.ascii	"__INT_FAST16_MAX__ 2147483647\000"
 833      545F4641 
 833      53543136 
 833      5F4D4158 
 833      5F5F2032 
 834 0bed 01       		.byte	0x1
 835 0bee 00       		.uleb128 0
 836 0bef 5F5F494E 		.ascii	"__INT_FAST32_MAX__ 2147483647\000"
 836      545F4641 
 836      53543332 
 836      5F4D4158 
 836      5F5F2032 
 837 0c0d 01       		.byte	0x1
 838 0c0e 00       		.uleb128 0
 839 0c0f 5F5F494E 		.ascii	"__INT_FAST64_MAX__ 9223372036854775807LL\000"
 839      545F4641 
 839      53543634 
 839      5F4D4158 
 839      5F5F2039 
 840 0c38 01       		.byte	0x1
 841 0c39 00       		.uleb128 0
 842 0c3a 5F5F5549 		.ascii	"__UINT_FAST8_MAX__ 4294967295U\000"
 842      4E545F46 
 842      41535438 
 842      5F4D4158 
 842      5F5F2034 
 843 0c59 01       		.byte	0x1
 844 0c5a 00       		.uleb128 0
 845 0c5b 5F5F5549 		.ascii	"__UINT_FAST16_MAX__ 4294967295U\000"
 845      4E545F46 
 845      41535431 
 845      365F4D41 
 845      585F5F20 
 846 0c7b 01       		.byte	0x1
 847 0c7c 00       		.uleb128 0
 848 0c7d 5F5F5549 		.ascii	"__UINT_FAST32_MAX__ 4294967295U\000"
 848      4E545F46 
 848      41535433 
 848      325F4D41 
 848      585F5F20 
 849 0c9d 01       		.byte	0x1
 850 0c9e 00       		.uleb128 0
 851 0c9f 5F5F5549 		.ascii	"__UINT_FAST64_MAX__ 18446744073709551615ULL\000"
 851      4E545F46 
 851      41535436 
 851      345F4D41 
 851      585F5F20 
 852 0ccb 01       		.byte	0x1
 853 0ccc 00       		.uleb128 0
ARM GAS  /tmp/cc5UHIDs.s 			page 24


 854 0ccd 5F5F494E 		.ascii	"__INTPTR_MAX__ 2147483647\000"
 854      54505452 
 854      5F4D4158 
 854      5F5F2032 
 854      31343734 
 855 0ce7 01       		.byte	0x1
 856 0ce8 00       		.uleb128 0
 857 0ce9 5F5F5549 		.ascii	"__UINTPTR_MAX__ 4294967295U\000"
 857      4E545054 
 857      525F4D41 
 857      585F5F20 
 857      34323934 
 858 0d05 01       		.byte	0x1
 859 0d06 00       		.uleb128 0
 860 0d07 5F5F464C 		.ascii	"__FLT_EVAL_METHOD__ 0\000"
 860      545F4556 
 860      414C5F4D 
 860      4554484F 
 860      445F5F20 
 861 0d1d 01       		.byte	0x1
 862 0d1e 00       		.uleb128 0
 863 0d1f 5F5F4445 		.ascii	"__DEC_EVAL_METHOD__ 2\000"
 863      435F4556 
 863      414C5F4D 
 863      4554484F 
 863      445F5F20 
 864 0d35 01       		.byte	0x1
 865 0d36 00       		.uleb128 0
 866 0d37 5F5F464C 		.ascii	"__FLT_RADIX__ 2\000"
 866      545F5241 
 866      4449585F 
 866      5F203200 
 867 0d47 01       		.byte	0x1
 868 0d48 00       		.uleb128 0
 869 0d49 5F5F464C 		.ascii	"__FLT_MANT_DIG__ 24\000"
 869      545F4D41 
 869      4E545F44 
 869      49475F5F 
 869      20323400 
 870 0d5d 01       		.byte	0x1
 871 0d5e 00       		.uleb128 0
 872 0d5f 5F5F464C 		.ascii	"__FLT_DIG__ 6\000"
 872      545F4449 
 872      475F5F20 
 872      3600
 873 0d6d 01       		.byte	0x1
 874 0d6e 00       		.uleb128 0
 875 0d6f 5F5F464C 		.ascii	"__FLT_MIN_EXP__ (-125)\000"
 875      545F4D49 
 875      4E5F4558 
 875      505F5F20 
 875      282D3132 
 876 0d86 01       		.byte	0x1
 877 0d87 00       		.uleb128 0
 878 0d88 5F5F464C 		.ascii	"__FLT_MIN_10_EXP__ (-37)\000"
 878      545F4D49 
 878      4E5F3130 
ARM GAS  /tmp/cc5UHIDs.s 			page 25


 878      5F455850 
 878      5F5F2028 
 879 0da1 01       		.byte	0x1
 880 0da2 00       		.uleb128 0
 881 0da3 5F5F464C 		.ascii	"__FLT_MAX_EXP__ 128\000"
 881      545F4D41 
 881      585F4558 
 881      505F5F20 
 881      31323800 
 882 0db7 01       		.byte	0x1
 883 0db8 00       		.uleb128 0
 884 0db9 5F5F464C 		.ascii	"__FLT_MAX_10_EXP__ 38\000"
 884      545F4D41 
 884      585F3130 
 884      5F455850 
 884      5F5F2033 
 885 0dcf 01       		.byte	0x1
 886 0dd0 00       		.uleb128 0
 887 0dd1 5F5F464C 		.ascii	"__FLT_DECIMAL_DIG__ 9\000"
 887      545F4445 
 887      43494D41 
 887      4C5F4449 
 887      475F5F20 
 888 0de7 01       		.byte	0x1
 889 0de8 00       		.uleb128 0
 890 0de9 5F5F464C 		.ascii	"__FLT_MAX__ 3.4028234663852886e+38F\000"
 890      545F4D41 
 890      585F5F20 
 890      332E3430 
 890      32383233 
 891 0e0d 01       		.byte	0x1
 892 0e0e 00       		.uleb128 0
 893 0e0f 5F5F464C 		.ascii	"__FLT_MIN__ 1.1754943508222875e-38F\000"
 893      545F4D49 
 893      4E5F5F20 
 893      312E3137 
 893      35343934 
 894 0e33 01       		.byte	0x1
 895 0e34 00       		.uleb128 0
 896 0e35 5F5F464C 		.ascii	"__FLT_EPSILON__ 1.1920928955078125e-7F\000"
 896      545F4550 
 896      53494C4F 
 896      4E5F5F20 
 896      312E3139 
 897 0e5c 01       		.byte	0x1
 898 0e5d 00       		.uleb128 0
 899 0e5e 5F5F464C 		.ascii	"__FLT_DENORM_MIN__ 1.4012984643248171e-45F\000"
 899      545F4445 
 899      4E4F524D 
 899      5F4D494E 
 899      5F5F2031 
 900 0e89 01       		.byte	0x1
 901 0e8a 00       		.uleb128 0
 902 0e8b 5F5F464C 		.ascii	"__FLT_HAS_DENORM__ 1\000"
 902      545F4841 
 902      535F4445 
 902      4E4F524D 
ARM GAS  /tmp/cc5UHIDs.s 			page 26


 902      5F5F2031 
 903 0ea0 01       		.byte	0x1
 904 0ea1 00       		.uleb128 0
 905 0ea2 5F5F464C 		.ascii	"__FLT_HAS_INFINITY__ 1\000"
 905      545F4841 
 905      535F494E 
 905      46494E49 
 905      54595F5F 
 906 0eb9 01       		.byte	0x1
 907 0eba 00       		.uleb128 0
 908 0ebb 5F5F464C 		.ascii	"__FLT_HAS_QUIET_NAN__ 1\000"
 908      545F4841 
 908      535F5155 
 908      4945545F 
 908      4E414E5F 
 909 0ed3 01       		.byte	0x1
 910 0ed4 00       		.uleb128 0
 911 0ed5 5F5F4442 		.ascii	"__DBL_MANT_DIG__ 53\000"
 911      4C5F4D41 
 911      4E545F44 
 911      49475F5F 
 911      20353300 
 912 0ee9 01       		.byte	0x1
 913 0eea 00       		.uleb128 0
 914 0eeb 5F5F4442 		.ascii	"__DBL_DIG__ 15\000"
 914      4C5F4449 
 914      475F5F20 
 914      313500
 915 0efa 01       		.byte	0x1
 916 0efb 00       		.uleb128 0
 917 0efc 5F5F4442 		.ascii	"__DBL_MIN_EXP__ (-1021)\000"
 917      4C5F4D49 
 917      4E5F4558 
 917      505F5F20 
 917      282D3130 
 918 0f14 01       		.byte	0x1
 919 0f15 00       		.uleb128 0
 920 0f16 5F5F4442 		.ascii	"__DBL_MIN_10_EXP__ (-307)\000"
 920      4C5F4D49 
 920      4E5F3130 
 920      5F455850 
 920      5F5F2028 
 921 0f30 01       		.byte	0x1
 922 0f31 00       		.uleb128 0
 923 0f32 5F5F4442 		.ascii	"__DBL_MAX_EXP__ 1024\000"
 923      4C5F4D41 
 923      585F4558 
 923      505F5F20 
 923      31303234 
 924 0f47 01       		.byte	0x1
 925 0f48 00       		.uleb128 0
 926 0f49 5F5F4442 		.ascii	"__DBL_MAX_10_EXP__ 308\000"
 926      4C5F4D41 
 926      585F3130 
 926      5F455850 
 926      5F5F2033 
 927 0f60 01       		.byte	0x1
ARM GAS  /tmp/cc5UHIDs.s 			page 27


 928 0f61 00       		.uleb128 0
 929 0f62 5F5F4442 		.ascii	"__DBL_DECIMAL_DIG__ 17\000"
 929      4C5F4445 
 929      43494D41 
 929      4C5F4449 
 929      475F5F20 
 930 0f79 01       		.byte	0x1
 931 0f7a 00       		.uleb128 0
 932 0f7b 5F5F4442 		.ascii	"__DBL_MAX__ ((double)1.7976931348623157e+308L)\000"
 932      4C5F4D41 
 932      585F5F20 
 932      2828646F 
 932      75626C65 
 933 0faa 01       		.byte	0x1
 934 0fab 00       		.uleb128 0
 935 0fac 5F5F4442 		.ascii	"__DBL_MIN__ ((double)2.2250738585072014e-308L)\000"
 935      4C5F4D49 
 935      4E5F5F20 
 935      2828646F 
 935      75626C65 
 936 0fdb 01       		.byte	0x1
 937 0fdc 00       		.uleb128 0
 938 0fdd 5F5F4442 		.ascii	"__DBL_EPSILON__ ((double)2.2204460492503131e-16L)\000"
 938      4C5F4550 
 938      53494C4F 
 938      4E5F5F20 
 938      2828646F 
 939 100f 01       		.byte	0x1
 940 1010 00       		.uleb128 0
 941 1011 5F5F4442 		.ascii	"__DBL_DENORM_MIN__ ((double)4.9406564584124654e-324"
 941      4C5F4445 
 941      4E4F524D 
 941      5F4D494E 
 941      5F5F2028 
 942 1044 4C2900   		.ascii	"L)\000"
 943 1047 01       		.byte	0x1
 944 1048 00       		.uleb128 0
 945 1049 5F5F4442 		.ascii	"__DBL_HAS_DENORM__ 1\000"
 945      4C5F4841 
 945      535F4445 
 945      4E4F524D 
 945      5F5F2031 
 946 105e 01       		.byte	0x1
 947 105f 00       		.uleb128 0
 948 1060 5F5F4442 		.ascii	"__DBL_HAS_INFINITY__ 1\000"
 948      4C5F4841 
 948      535F494E 
 948      46494E49 
 948      54595F5F 
 949 1077 01       		.byte	0x1
 950 1078 00       		.uleb128 0
 951 1079 5F5F4442 		.ascii	"__DBL_HAS_QUIET_NAN__ 1\000"
 951      4C5F4841 
 951      535F5155 
 951      4945545F 
 951      4E414E5F 
 952 1091 01       		.byte	0x1
ARM GAS  /tmp/cc5UHIDs.s 			page 28


 953 1092 00       		.uleb128 0
 954 1093 5F5F4C44 		.ascii	"__LDBL_MANT_DIG__ 53\000"
 954      424C5F4D 
 954      414E545F 
 954      4449475F 
 954      5F203533 
 955 10a8 01       		.byte	0x1
 956 10a9 00       		.uleb128 0
 957 10aa 5F5F4C44 		.ascii	"__LDBL_DIG__ 15\000"
 957      424C5F44 
 957      49475F5F 
 957      20313500 
 958 10ba 01       		.byte	0x1
 959 10bb 00       		.uleb128 0
 960 10bc 5F5F4C44 		.ascii	"__LDBL_MIN_EXP__ (-1021)\000"
 960      424C5F4D 
 960      494E5F45 
 960      58505F5F 
 960      20282D31 
 961 10d5 01       		.byte	0x1
 962 10d6 00       		.uleb128 0
 963 10d7 5F5F4C44 		.ascii	"__LDBL_MIN_10_EXP__ (-307)\000"
 963      424C5F4D 
 963      494E5F31 
 963      305F4558 
 963      505F5F20 
 964 10f2 01       		.byte	0x1
 965 10f3 00       		.uleb128 0
 966 10f4 5F5F4C44 		.ascii	"__LDBL_MAX_EXP__ 1024\000"
 966      424C5F4D 
 966      41585F45 
 966      58505F5F 
 966      20313032 
 967 110a 01       		.byte	0x1
 968 110b 00       		.uleb128 0
 969 110c 5F5F4C44 		.ascii	"__LDBL_MAX_10_EXP__ 308\000"
 969      424C5F4D 
 969      41585F31 
 969      305F4558 
 969      505F5F20 
 970 1124 01       		.byte	0x1
 971 1125 00       		.uleb128 0
 972 1126 5F5F4445 		.ascii	"__DECIMAL_DIG__ 17\000"
 972      43494D41 
 972      4C5F4449 
 972      475F5F20 
 972      313700
 973 1139 01       		.byte	0x1
 974 113a 00       		.uleb128 0
 975 113b 5F5F4C44 		.ascii	"__LDBL_MAX__ 1.7976931348623157e+308L\000"
 975      424C5F4D 
 975      41585F5F 
 975      20312E37 
 975      39373639 
 976 1161 01       		.byte	0x1
 977 1162 00       		.uleb128 0
 978 1163 5F5F4C44 		.ascii	"__LDBL_MIN__ 2.2250738585072014e-308L\000"
ARM GAS  /tmp/cc5UHIDs.s 			page 29


 978      424C5F4D 
 978      494E5F5F 
 978      20322E32 
 978      32353037 
 979 1189 01       		.byte	0x1
 980 118a 00       		.uleb128 0
 981 118b 5F5F4C44 		.ascii	"__LDBL_EPSILON__ 2.2204460492503131e-16L\000"
 981      424C5F45 
 981      5053494C 
 981      4F4E5F5F 
 981      20322E32 
 982 11b4 01       		.byte	0x1
 983 11b5 00       		.uleb128 0
 984 11b6 5F5F4C44 		.ascii	"__LDBL_DENORM_MIN__ 4.9406564584124654e-324L\000"
 984      424C5F44 
 984      454E4F52 
 984      4D5F4D49 
 984      4E5F5F20 
 985 11e3 01       		.byte	0x1
 986 11e4 00       		.uleb128 0
 987 11e5 5F5F4C44 		.ascii	"__LDBL_HAS_DENORM__ 1\000"
 987      424C5F48 
 987      41535F44 
 987      454E4F52 
 987      4D5F5F20 
 988 11fb 01       		.byte	0x1
 989 11fc 00       		.uleb128 0
 990 11fd 5F5F4C44 		.ascii	"__LDBL_HAS_INFINITY__ 1\000"
 990      424C5F48 
 990      41535F49 
 990      4E46494E 
 990      4954595F 
 991 1215 01       		.byte	0x1
 992 1216 00       		.uleb128 0
 993 1217 5F5F4C44 		.ascii	"__LDBL_HAS_QUIET_NAN__ 1\000"
 993      424C5F48 
 993      41535F51 
 993      55494554 
 993      5F4E414E 
 994 1230 01       		.byte	0x1
 995 1231 00       		.uleb128 0
 996 1232 5F5F4445 		.ascii	"__DEC32_MANT_DIG__ 7\000"
 996      4333325F 
 996      4D414E54 
 996      5F444947 
 996      5F5F2037 
 997 1247 01       		.byte	0x1
 998 1248 00       		.uleb128 0
 999 1249 5F5F4445 		.ascii	"__DEC32_MIN_EXP__ (-94)\000"
 999      4333325F 
 999      4D494E5F 
 999      4558505F 
 999      5F20282D 
 1000 1261 01       		.byte	0x1
 1001 1262 00       		.uleb128 0
 1002 1263 5F5F4445 		.ascii	"__DEC32_MAX_EXP__ 97\000"
 1002      4333325F 
ARM GAS  /tmp/cc5UHIDs.s 			page 30


 1002      4D41585F 
 1002      4558505F 
 1002      5F203937 
 1003 1278 01       		.byte	0x1
 1004 1279 00       		.uleb128 0
 1005 127a 5F5F4445 		.ascii	"__DEC32_MIN__ 1E-95DF\000"
 1005      4333325F 
 1005      4D494E5F 
 1005      5F203145 
 1005      2D393544 
 1006 1290 01       		.byte	0x1
 1007 1291 00       		.uleb128 0
 1008 1292 5F5F4445 		.ascii	"__DEC32_MAX__ 9.999999E96DF\000"
 1008      4333325F 
 1008      4D41585F 
 1008      5F20392E 
 1008      39393939 
 1009 12ae 01       		.byte	0x1
 1010 12af 00       		.uleb128 0
 1011 12b0 5F5F4445 		.ascii	"__DEC32_EPSILON__ 1E-6DF\000"
 1011      4333325F 
 1011      45505349 
 1011      4C4F4E5F 
 1011      5F203145 
 1012 12c9 01       		.byte	0x1
 1013 12ca 00       		.uleb128 0
 1014 12cb 5F5F4445 		.ascii	"__DEC32_SUBNORMAL_MIN__ 0.000001E-95DF\000"
 1014      4333325F 
 1014      5355424E 
 1014      4F524D41 
 1014      4C5F4D49 
 1015 12f2 01       		.byte	0x1
 1016 12f3 00       		.uleb128 0
 1017 12f4 5F5F4445 		.ascii	"__DEC64_MANT_DIG__ 16\000"
 1017      4336345F 
 1017      4D414E54 
 1017      5F444947 
 1017      5F5F2031 
 1018 130a 01       		.byte	0x1
 1019 130b 00       		.uleb128 0
 1020 130c 5F5F4445 		.ascii	"__DEC64_MIN_EXP__ (-382)\000"
 1020      4336345F 
 1020      4D494E5F 
 1020      4558505F 
 1020      5F20282D 
 1021 1325 01       		.byte	0x1
 1022 1326 00       		.uleb128 0
 1023 1327 5F5F4445 		.ascii	"__DEC64_MAX_EXP__ 385\000"
 1023      4336345F 
 1023      4D41585F 
 1023      4558505F 
 1023      5F203338 
 1024 133d 01       		.byte	0x1
 1025 133e 00       		.uleb128 0
 1026 133f 5F5F4445 		.ascii	"__DEC64_MIN__ 1E-383DD\000"
 1026      4336345F 
 1026      4D494E5F 
ARM GAS  /tmp/cc5UHIDs.s 			page 31


 1026      5F203145 
 1026      2D333833 
 1027 1356 01       		.byte	0x1
 1028 1357 00       		.uleb128 0
 1029 1358 5F5F4445 		.ascii	"__DEC64_MAX__ 9.999999999999999E384DD\000"
 1029      4336345F 
 1029      4D41585F 
 1029      5F20392E 
 1029      39393939 
 1030 137e 01       		.byte	0x1
 1031 137f 00       		.uleb128 0
 1032 1380 5F5F4445 		.ascii	"__DEC64_EPSILON__ 1E-15DD\000"
 1032      4336345F 
 1032      45505349 
 1032      4C4F4E5F 
 1032      5F203145 
 1033 139a 01       		.byte	0x1
 1034 139b 00       		.uleb128 0
 1035 139c 5F5F4445 		.ascii	"__DEC64_SUBNORMAL_MIN__ 0.000000000000001E-383DD\000"
 1035      4336345F 
 1035      5355424E 
 1035      4F524D41 
 1035      4C5F4D49 
 1036 13cd 01       		.byte	0x1
 1037 13ce 00       		.uleb128 0
 1038 13cf 5F5F4445 		.ascii	"__DEC128_MANT_DIG__ 34\000"
 1038      43313238 
 1038      5F4D414E 
 1038      545F4449 
 1038      475F5F20 
 1039 13e6 01       		.byte	0x1
 1040 13e7 00       		.uleb128 0
 1041 13e8 5F5F4445 		.ascii	"__DEC128_MIN_EXP__ (-6142)\000"
 1041      43313238 
 1041      5F4D494E 
 1041      5F455850 
 1041      5F5F2028 
 1042 1403 01       		.byte	0x1
 1043 1404 00       		.uleb128 0
 1044 1405 5F5F4445 		.ascii	"__DEC128_MAX_EXP__ 6145\000"
 1044      43313238 
 1044      5F4D4158 
 1044      5F455850 
 1044      5F5F2036 
 1045 141d 01       		.byte	0x1
 1046 141e 00       		.uleb128 0
 1047 141f 5F5F4445 		.ascii	"__DEC128_MIN__ 1E-6143DL\000"
 1047      43313238 
 1047      5F4D494E 
 1047      5F5F2031 
 1047      452D3631 
 1048 1438 01       		.byte	0x1
 1049 1439 00       		.uleb128 0
 1050 143a 5F5F4445 		.ascii	"__DEC128_MAX__ 9.999999999999999999999999999999999E"
 1050      43313238 
 1050      5F4D4158 
 1050      5F5F2039 
ARM GAS  /tmp/cc5UHIDs.s 			page 32


 1050      2E393939 
 1051 146d 36313434 		.ascii	"6144DL\000"
 1051      444C00
 1052 1474 01       		.byte	0x1
 1053 1475 00       		.uleb128 0
 1054 1476 5F5F4445 		.ascii	"__DEC128_EPSILON__ 1E-33DL\000"
 1054      43313238 
 1054      5F455053 
 1054      494C4F4E 
 1054      5F5F2031 
 1055 1491 01       		.byte	0x1
 1056 1492 00       		.uleb128 0
 1057 1493 5F5F4445 		.ascii	"__DEC128_SUBNORMAL_MIN__ 0.000000000000000000000000"
 1057      43313238 
 1057      5F535542 
 1057      4E4F524D 
 1057      414C5F4D 
 1058 14c6 30303030 		.ascii	"000000001E-6143DL\000"
 1058      30303030 
 1058      31452D36 
 1058      31343344 
 1058      4C00
 1059 14d8 01       		.byte	0x1
 1060 14d9 00       		.uleb128 0
 1061 14da 5F5F5346 		.ascii	"__SFRACT_FBIT__ 7\000"
 1061      52414354 
 1061      5F464249 
 1061      545F5F20 
 1061      3700
 1062 14ec 01       		.byte	0x1
 1063 14ed 00       		.uleb128 0
 1064 14ee 5F5F5346 		.ascii	"__SFRACT_IBIT__ 0\000"
 1064      52414354 
 1064      5F494249 
 1064      545F5F20 
 1064      3000
 1065 1500 01       		.byte	0x1
 1066 1501 00       		.uleb128 0
 1067 1502 5F5F5346 		.ascii	"__SFRACT_MIN__ (-0.5HR-0.5HR)\000"
 1067      52414354 
 1067      5F4D494E 
 1067      5F5F2028 
 1067      2D302E35 
 1068 1520 01       		.byte	0x1
 1069 1521 00       		.uleb128 0
 1070 1522 5F5F5346 		.ascii	"__SFRACT_MAX__ 0X7FP-7HR\000"
 1070      52414354 
 1070      5F4D4158 
 1070      5F5F2030 
 1070      58374650 
 1071 153b 01       		.byte	0x1
 1072 153c 00       		.uleb128 0
 1073 153d 5F5F5346 		.ascii	"__SFRACT_EPSILON__ 0x1P-7HR\000"
 1073      52414354 
 1073      5F455053 
 1073      494C4F4E 
 1073      5F5F2030 
ARM GAS  /tmp/cc5UHIDs.s 			page 33


 1074 1559 01       		.byte	0x1
 1075 155a 00       		.uleb128 0
 1076 155b 5F5F5553 		.ascii	"__USFRACT_FBIT__ 8\000"
 1076      46524143 
 1076      545F4642 
 1076      49545F5F 
 1076      203800
 1077 156e 01       		.byte	0x1
 1078 156f 00       		.uleb128 0
 1079 1570 5F5F5553 		.ascii	"__USFRACT_IBIT__ 0\000"
 1079      46524143 
 1079      545F4942 
 1079      49545F5F 
 1079      203000
 1080 1583 01       		.byte	0x1
 1081 1584 00       		.uleb128 0
 1082 1585 5F5F5553 		.ascii	"__USFRACT_MIN__ 0.0UHR\000"
 1082      46524143 
 1082      545F4D49 
 1082      4E5F5F20 
 1082      302E3055 
 1083 159c 01       		.byte	0x1
 1084 159d 00       		.uleb128 0
 1085 159e 5F5F5553 		.ascii	"__USFRACT_MAX__ 0XFFP-8UHR\000"
 1085      46524143 
 1085      545F4D41 
 1085      585F5F20 
 1085      30584646 
 1086 15b9 01       		.byte	0x1
 1087 15ba 00       		.uleb128 0
 1088 15bb 5F5F5553 		.ascii	"__USFRACT_EPSILON__ 0x1P-8UHR\000"
 1088      46524143 
 1088      545F4550 
 1088      53494C4F 
 1088      4E5F5F20 
 1089 15d9 01       		.byte	0x1
 1090 15da 00       		.uleb128 0
 1091 15db 5F5F4652 		.ascii	"__FRACT_FBIT__ 15\000"
 1091      4143545F 
 1091      46424954 
 1091      5F5F2031 
 1091      3500
 1092 15ed 01       		.byte	0x1
 1093 15ee 00       		.uleb128 0
 1094 15ef 5F5F4652 		.ascii	"__FRACT_IBIT__ 0\000"
 1094      4143545F 
 1094      49424954 
 1094      5F5F2030 
 1094      00
 1095 1600 01       		.byte	0x1
 1096 1601 00       		.uleb128 0
 1097 1602 5F5F4652 		.ascii	"__FRACT_MIN__ (-0.5R-0.5R)\000"
 1097      4143545F 
 1097      4D494E5F 
 1097      5F20282D 
 1097      302E3552 
 1098 161d 01       		.byte	0x1
ARM GAS  /tmp/cc5UHIDs.s 			page 34


 1099 161e 00       		.uleb128 0
 1100 161f 5F5F4652 		.ascii	"__FRACT_MAX__ 0X7FFFP-15R\000"
 1100      4143545F 
 1100      4D41585F 
 1100      5F203058 
 1100      37464646 
 1101 1639 01       		.byte	0x1
 1102 163a 00       		.uleb128 0
 1103 163b 5F5F4652 		.ascii	"__FRACT_EPSILON__ 0x1P-15R\000"
 1103      4143545F 
 1103      45505349 
 1103      4C4F4E5F 
 1103      5F203078 
 1104 1656 01       		.byte	0x1
 1105 1657 00       		.uleb128 0
 1106 1658 5F5F5546 		.ascii	"__UFRACT_FBIT__ 16\000"
 1106      52414354 
 1106      5F464249 
 1106      545F5F20 
 1106      313600
 1107 166b 01       		.byte	0x1
 1108 166c 00       		.uleb128 0
 1109 166d 5F5F5546 		.ascii	"__UFRACT_IBIT__ 0\000"
 1109      52414354 
 1109      5F494249 
 1109      545F5F20 
 1109      3000
 1110 167f 01       		.byte	0x1
 1111 1680 00       		.uleb128 0
 1112 1681 5F5F5546 		.ascii	"__UFRACT_MIN__ 0.0UR\000"
 1112      52414354 
 1112      5F4D494E 
 1112      5F5F2030 
 1112      2E305552 
 1113 1696 01       		.byte	0x1
 1114 1697 00       		.uleb128 0
 1115 1698 5F5F5546 		.ascii	"__UFRACT_MAX__ 0XFFFFP-16UR\000"
 1115      52414354 
 1115      5F4D4158 
 1115      5F5F2030 
 1115      58464646 
 1116 16b4 01       		.byte	0x1
 1117 16b5 00       		.uleb128 0
 1118 16b6 5F5F5546 		.ascii	"__UFRACT_EPSILON__ 0x1P-16UR\000"
 1118      52414354 
 1118      5F455053 
 1118      494C4F4E 
 1118      5F5F2030 
 1119 16d3 01       		.byte	0x1
 1120 16d4 00       		.uleb128 0
 1121 16d5 5F5F4C46 		.ascii	"__LFRACT_FBIT__ 31\000"
 1121      52414354 
 1121      5F464249 
 1121      545F5F20 
 1121      333100
 1122 16e8 01       		.byte	0x1
 1123 16e9 00       		.uleb128 0
ARM GAS  /tmp/cc5UHIDs.s 			page 35


 1124 16ea 5F5F4C46 		.ascii	"__LFRACT_IBIT__ 0\000"
 1124      52414354 
 1124      5F494249 
 1124      545F5F20 
 1124      3000
 1125 16fc 01       		.byte	0x1
 1126 16fd 00       		.uleb128 0
 1127 16fe 5F5F4C46 		.ascii	"__LFRACT_MIN__ (-0.5LR-0.5LR)\000"
 1127      52414354 
 1127      5F4D494E 
 1127      5F5F2028 
 1127      2D302E35 
 1128 171c 01       		.byte	0x1
 1129 171d 00       		.uleb128 0
 1130 171e 5F5F4C46 		.ascii	"__LFRACT_MAX__ 0X7FFFFFFFP-31LR\000"
 1130      52414354 
 1130      5F4D4158 
 1130      5F5F2030 
 1130      58374646 
 1131 173e 01       		.byte	0x1
 1132 173f 00       		.uleb128 0
 1133 1740 5F5F4C46 		.ascii	"__LFRACT_EPSILON__ 0x1P-31LR\000"
 1133      52414354 
 1133      5F455053 
 1133      494C4F4E 
 1133      5F5F2030 
 1134 175d 01       		.byte	0x1
 1135 175e 00       		.uleb128 0
 1136 175f 5F5F554C 		.ascii	"__ULFRACT_FBIT__ 32\000"
 1136      46524143 
 1136      545F4642 
 1136      49545F5F 
 1136      20333200 
 1137 1773 01       		.byte	0x1
 1138 1774 00       		.uleb128 0
 1139 1775 5F5F554C 		.ascii	"__ULFRACT_IBIT__ 0\000"
 1139      46524143 
 1139      545F4942 
 1139      49545F5F 
 1139      203000
 1140 1788 01       		.byte	0x1
 1141 1789 00       		.uleb128 0
 1142 178a 5F5F554C 		.ascii	"__ULFRACT_MIN__ 0.0ULR\000"
 1142      46524143 
 1142      545F4D49 
 1142      4E5F5F20 
 1142      302E3055 
 1143 17a1 01       		.byte	0x1
 1144 17a2 00       		.uleb128 0
 1145 17a3 5F5F554C 		.ascii	"__ULFRACT_MAX__ 0XFFFFFFFFP-32ULR\000"
 1145      46524143 
 1145      545F4D41 
 1145      585F5F20 
 1145      30584646 
 1146 17c5 01       		.byte	0x1
 1147 17c6 00       		.uleb128 0
 1148 17c7 5F5F554C 		.ascii	"__ULFRACT_EPSILON__ 0x1P-32ULR\000"
ARM GAS  /tmp/cc5UHIDs.s 			page 36


 1148      46524143 
 1148      545F4550 
 1148      53494C4F 
 1148      4E5F5F20 
 1149 17e6 01       		.byte	0x1
 1150 17e7 00       		.uleb128 0
 1151 17e8 5F5F4C4C 		.ascii	"__LLFRACT_FBIT__ 63\000"
 1151      46524143 
 1151      545F4642 
 1151      49545F5F 
 1151      20363300 
 1152 17fc 01       		.byte	0x1
 1153 17fd 00       		.uleb128 0
 1154 17fe 5F5F4C4C 		.ascii	"__LLFRACT_IBIT__ 0\000"
 1154      46524143 
 1154      545F4942 
 1154      49545F5F 
 1154      203000
 1155 1811 01       		.byte	0x1
 1156 1812 00       		.uleb128 0
 1157 1813 5F5F4C4C 		.ascii	"__LLFRACT_MIN__ (-0.5LLR-0.5LLR)\000"
 1157      46524143 
 1157      545F4D49 
 1157      4E5F5F20 
 1157      282D302E 
 1158 1834 01       		.byte	0x1
 1159 1835 00       		.uleb128 0
 1160 1836 5F5F4C4C 		.ascii	"__LLFRACT_MAX__ 0X7FFFFFFFFFFFFFFFP-63LLR\000"
 1160      46524143 
 1160      545F4D41 
 1160      585F5F20 
 1160      30583746 
 1161 1860 01       		.byte	0x1
 1162 1861 00       		.uleb128 0
 1163 1862 5F5F4C4C 		.ascii	"__LLFRACT_EPSILON__ 0x1P-63LLR\000"
 1163      46524143 
 1163      545F4550 
 1163      53494C4F 
 1163      4E5F5F20 
 1164 1881 01       		.byte	0x1
 1165 1882 00       		.uleb128 0
 1166 1883 5F5F554C 		.ascii	"__ULLFRACT_FBIT__ 64\000"
 1166      4C465241 
 1166      43545F46 
 1166      4249545F 
 1166      5F203634 
 1167 1898 01       		.byte	0x1
 1168 1899 00       		.uleb128 0
 1169 189a 5F5F554C 		.ascii	"__ULLFRACT_IBIT__ 0\000"
 1169      4C465241 
 1169      43545F49 
 1169      4249545F 
 1169      5F203000 
 1170 18ae 01       		.byte	0x1
 1171 18af 00       		.uleb128 0
 1172 18b0 5F5F554C 		.ascii	"__ULLFRACT_MIN__ 0.0ULLR\000"
 1172      4C465241 
ARM GAS  /tmp/cc5UHIDs.s 			page 37


 1172      43545F4D 
 1172      494E5F5F 
 1172      20302E30 
 1173 18c9 01       		.byte	0x1
 1174 18ca 00       		.uleb128 0
 1175 18cb 5F5F554C 		.ascii	"__ULLFRACT_MAX__ 0XFFFFFFFFFFFFFFFFP-64ULLR\000"
 1175      4C465241 
 1175      43545F4D 
 1175      41585F5F 
 1175      20305846 
 1176 18f7 01       		.byte	0x1
 1177 18f8 00       		.uleb128 0
 1178 18f9 5F5F554C 		.ascii	"__ULLFRACT_EPSILON__ 0x1P-64ULLR\000"
 1178      4C465241 
 1178      43545F45 
 1178      5053494C 
 1178      4F4E5F5F 
 1179 191a 01       		.byte	0x1
 1180 191b 00       		.uleb128 0
 1181 191c 5F5F5341 		.ascii	"__SACCUM_FBIT__ 7\000"
 1181      4343554D 
 1181      5F464249 
 1181      545F5F20 
 1181      3700
 1182 192e 01       		.byte	0x1
 1183 192f 00       		.uleb128 0
 1184 1930 5F5F5341 		.ascii	"__SACCUM_IBIT__ 8\000"
 1184      4343554D 
 1184      5F494249 
 1184      545F5F20 
 1184      3800
 1185 1942 01       		.byte	0x1
 1186 1943 00       		.uleb128 0
 1187 1944 5F5F5341 		.ascii	"__SACCUM_MIN__ (-0X1P7HK-0X1P7HK)\000"
 1187      4343554D 
 1187      5F4D494E 
 1187      5F5F2028 
 1187      2D305831 
 1188 1966 01       		.byte	0x1
 1189 1967 00       		.uleb128 0
 1190 1968 5F5F5341 		.ascii	"__SACCUM_MAX__ 0X7FFFP-7HK\000"
 1190      4343554D 
 1190      5F4D4158 
 1190      5F5F2030 
 1190      58374646 
 1191 1983 01       		.byte	0x1
 1192 1984 00       		.uleb128 0
 1193 1985 5F5F5341 		.ascii	"__SACCUM_EPSILON__ 0x1P-7HK\000"
 1193      4343554D 
 1193      5F455053 
 1193      494C4F4E 
 1193      5F5F2030 
 1194 19a1 01       		.byte	0x1
 1195 19a2 00       		.uleb128 0
 1196 19a3 5F5F5553 		.ascii	"__USACCUM_FBIT__ 8\000"
 1196      41434355 
 1196      4D5F4642 
ARM GAS  /tmp/cc5UHIDs.s 			page 38


 1196      49545F5F 
 1196      203800
 1197 19b6 01       		.byte	0x1
 1198 19b7 00       		.uleb128 0
 1199 19b8 5F5F5553 		.ascii	"__USACCUM_IBIT__ 8\000"
 1199      41434355 
 1199      4D5F4942 
 1199      49545F5F 
 1199      203800
 1200 19cb 01       		.byte	0x1
 1201 19cc 00       		.uleb128 0
 1202 19cd 5F5F5553 		.ascii	"__USACCUM_MIN__ 0.0UHK\000"
 1202      41434355 
 1202      4D5F4D49 
 1202      4E5F5F20 
 1202      302E3055 
 1203 19e4 01       		.byte	0x1
 1204 19e5 00       		.uleb128 0
 1205 19e6 5F5F5553 		.ascii	"__USACCUM_MAX__ 0XFFFFP-8UHK\000"
 1205      41434355 
 1205      4D5F4D41 
 1205      585F5F20 
 1205      30584646 
 1206 1a03 01       		.byte	0x1
 1207 1a04 00       		.uleb128 0
 1208 1a05 5F5F5553 		.ascii	"__USACCUM_EPSILON__ 0x1P-8UHK\000"
 1208      41434355 
 1208      4D5F4550 
 1208      53494C4F 
 1208      4E5F5F20 
 1209 1a23 01       		.byte	0x1
 1210 1a24 00       		.uleb128 0
 1211 1a25 5F5F4143 		.ascii	"__ACCUM_FBIT__ 15\000"
 1211      43554D5F 
 1211      46424954 
 1211      5F5F2031 
 1211      3500
 1212 1a37 01       		.byte	0x1
 1213 1a38 00       		.uleb128 0
 1214 1a39 5F5F4143 		.ascii	"__ACCUM_IBIT__ 16\000"
 1214      43554D5F 
 1214      49424954 
 1214      5F5F2031 
 1214      3600
 1215 1a4b 01       		.byte	0x1
 1216 1a4c 00       		.uleb128 0
 1217 1a4d 5F5F4143 		.ascii	"__ACCUM_MIN__ (-0X1P15K-0X1P15K)\000"
 1217      43554D5F 
 1217      4D494E5F 
 1217      5F20282D 
 1217      30583150 
 1218 1a6e 01       		.byte	0x1
 1219 1a6f 00       		.uleb128 0
 1220 1a70 5F5F4143 		.ascii	"__ACCUM_MAX__ 0X7FFFFFFFP-15K\000"
 1220      43554D5F 
 1220      4D41585F 
 1220      5F203058 
ARM GAS  /tmp/cc5UHIDs.s 			page 39


 1220      37464646 
 1221 1a8e 01       		.byte	0x1
 1222 1a8f 00       		.uleb128 0
 1223 1a90 5F5F4143 		.ascii	"__ACCUM_EPSILON__ 0x1P-15K\000"
 1223      43554D5F 
 1223      45505349 
 1223      4C4F4E5F 
 1223      5F203078 
 1224 1aab 01       		.byte	0x1
 1225 1aac 00       		.uleb128 0
 1226 1aad 5F5F5541 		.ascii	"__UACCUM_FBIT__ 16\000"
 1226      4343554D 
 1226      5F464249 
 1226      545F5F20 
 1226      313600
 1227 1ac0 01       		.byte	0x1
 1228 1ac1 00       		.uleb128 0
 1229 1ac2 5F5F5541 		.ascii	"__UACCUM_IBIT__ 16\000"
 1229      4343554D 
 1229      5F494249 
 1229      545F5F20 
 1229      313600
 1230 1ad5 01       		.byte	0x1
 1231 1ad6 00       		.uleb128 0
 1232 1ad7 5F5F5541 		.ascii	"__UACCUM_MIN__ 0.0UK\000"
 1232      4343554D 
 1232      5F4D494E 
 1232      5F5F2030 
 1232      2E30554B 
 1233 1aec 01       		.byte	0x1
 1234 1aed 00       		.uleb128 0
 1235 1aee 5F5F5541 		.ascii	"__UACCUM_MAX__ 0XFFFFFFFFP-16UK\000"
 1235      4343554D 
 1235      5F4D4158 
 1235      5F5F2030 
 1235      58464646 
 1236 1b0e 01       		.byte	0x1
 1237 1b0f 00       		.uleb128 0
 1238 1b10 5F5F5541 		.ascii	"__UACCUM_EPSILON__ 0x1P-16UK\000"
 1238      4343554D 
 1238      5F455053 
 1238      494C4F4E 
 1238      5F5F2030 
 1239 1b2d 01       		.byte	0x1
 1240 1b2e 00       		.uleb128 0
 1241 1b2f 5F5F4C41 		.ascii	"__LACCUM_FBIT__ 31\000"
 1241      4343554D 
 1241      5F464249 
 1241      545F5F20 
 1241      333100
 1242 1b42 01       		.byte	0x1
 1243 1b43 00       		.uleb128 0
 1244 1b44 5F5F4C41 		.ascii	"__LACCUM_IBIT__ 32\000"
 1244      4343554D 
 1244      5F494249 
 1244      545F5F20 
 1244      333200
ARM GAS  /tmp/cc5UHIDs.s 			page 40


 1245 1b57 01       		.byte	0x1
 1246 1b58 00       		.uleb128 0
 1247 1b59 5F5F4C41 		.ascii	"__LACCUM_MIN__ (-0X1P31LK-0X1P31LK)\000"
 1247      4343554D 
 1247      5F4D494E 
 1247      5F5F2028 
 1247      2D305831 
 1248 1b7d 01       		.byte	0x1
 1249 1b7e 00       		.uleb128 0
 1250 1b7f 5F5F4C41 		.ascii	"__LACCUM_MAX__ 0X7FFFFFFFFFFFFFFFP-31LK\000"
 1250      4343554D 
 1250      5F4D4158 
 1250      5F5F2030 
 1250      58374646 
 1251 1ba7 01       		.byte	0x1
 1252 1ba8 00       		.uleb128 0
 1253 1ba9 5F5F4C41 		.ascii	"__LACCUM_EPSILON__ 0x1P-31LK\000"
 1253      4343554D 
 1253      5F455053 
 1253      494C4F4E 
 1253      5F5F2030 
 1254 1bc6 01       		.byte	0x1
 1255 1bc7 00       		.uleb128 0
 1256 1bc8 5F5F554C 		.ascii	"__ULACCUM_FBIT__ 32\000"
 1256      41434355 
 1256      4D5F4642 
 1256      49545F5F 
 1256      20333200 
 1257 1bdc 01       		.byte	0x1
 1258 1bdd 00       		.uleb128 0
 1259 1bde 5F5F554C 		.ascii	"__ULACCUM_IBIT__ 32\000"
 1259      41434355 
 1259      4D5F4942 
 1259      49545F5F 
 1259      20333200 
 1260 1bf2 01       		.byte	0x1
 1261 1bf3 00       		.uleb128 0
 1262 1bf4 5F5F554C 		.ascii	"__ULACCUM_MIN__ 0.0ULK\000"
 1262      41434355 
 1262      4D5F4D49 
 1262      4E5F5F20 
 1262      302E3055 
 1263 1c0b 01       		.byte	0x1
 1264 1c0c 00       		.uleb128 0
 1265 1c0d 5F5F554C 		.ascii	"__ULACCUM_MAX__ 0XFFFFFFFFFFFFFFFFP-32ULK\000"
 1265      41434355 
 1265      4D5F4D41 
 1265      585F5F20 
 1265      30584646 
 1266 1c37 01       		.byte	0x1
 1267 1c38 00       		.uleb128 0
 1268 1c39 5F5F554C 		.ascii	"__ULACCUM_EPSILON__ 0x1P-32ULK\000"
 1268      41434355 
 1268      4D5F4550 
 1268      53494C4F 
 1268      4E5F5F20 
 1269 1c58 01       		.byte	0x1
ARM GAS  /tmp/cc5UHIDs.s 			page 41


 1270 1c59 00       		.uleb128 0
 1271 1c5a 5F5F4C4C 		.ascii	"__LLACCUM_FBIT__ 31\000"
 1271      41434355 
 1271      4D5F4642 
 1271      49545F5F 
 1271      20333100 
 1272 1c6e 01       		.byte	0x1
 1273 1c6f 00       		.uleb128 0
 1274 1c70 5F5F4C4C 		.ascii	"__LLACCUM_IBIT__ 32\000"
 1274      41434355 
 1274      4D5F4942 
 1274      49545F5F 
 1274      20333200 
 1275 1c84 01       		.byte	0x1
 1276 1c85 00       		.uleb128 0
 1277 1c86 5F5F4C4C 		.ascii	"__LLACCUM_MIN__ (-0X1P31LLK-0X1P31LLK)\000"
 1277      41434355 
 1277      4D5F4D49 
 1277      4E5F5F20 
 1277      282D3058 
 1278 1cad 01       		.byte	0x1
 1279 1cae 00       		.uleb128 0
 1280 1caf 5F5F4C4C 		.ascii	"__LLACCUM_MAX__ 0X7FFFFFFFFFFFFFFFP-31LLK\000"
 1280      41434355 
 1280      4D5F4D41 
 1280      585F5F20 
 1280      30583746 
 1281 1cd9 01       		.byte	0x1
 1282 1cda 00       		.uleb128 0
 1283 1cdb 5F5F4C4C 		.ascii	"__LLACCUM_EPSILON__ 0x1P-31LLK\000"
 1283      41434355 
 1283      4D5F4550 
 1283      53494C4F 
 1283      4E5F5F20 
 1284 1cfa 01       		.byte	0x1
 1285 1cfb 00       		.uleb128 0
 1286 1cfc 5F5F554C 		.ascii	"__ULLACCUM_FBIT__ 32\000"
 1286      4C414343 
 1286      554D5F46 
 1286      4249545F 
 1286      5F203332 
 1287 1d11 01       		.byte	0x1
 1288 1d12 00       		.uleb128 0
 1289 1d13 5F5F554C 		.ascii	"__ULLACCUM_IBIT__ 32\000"
 1289      4C414343 
 1289      554D5F49 
 1289      4249545F 
 1289      5F203332 
 1290 1d28 01       		.byte	0x1
 1291 1d29 00       		.uleb128 0
 1292 1d2a 5F5F554C 		.ascii	"__ULLACCUM_MIN__ 0.0ULLK\000"
 1292      4C414343 
 1292      554D5F4D 
 1292      494E5F5F 
 1292      20302E30 
 1293 1d43 01       		.byte	0x1
 1294 1d44 00       		.uleb128 0
ARM GAS  /tmp/cc5UHIDs.s 			page 42


 1295 1d45 5F5F554C 		.ascii	"__ULLACCUM_MAX__ 0XFFFFFFFFFFFFFFFFP-32ULLK\000"
 1295      4C414343 
 1295      554D5F4D 
 1295      41585F5F 
 1295      20305846 
 1296 1d71 01       		.byte	0x1
 1297 1d72 00       		.uleb128 0
 1298 1d73 5F5F554C 		.ascii	"__ULLACCUM_EPSILON__ 0x1P-32ULLK\000"
 1298      4C414343 
 1298      554D5F45 
 1298      5053494C 
 1298      4F4E5F5F 
 1299 1d94 01       		.byte	0x1
 1300 1d95 00       		.uleb128 0
 1301 1d96 5F5F5151 		.ascii	"__QQ_FBIT__ 7\000"
 1301      5F464249 
 1301      545F5F20 
 1301      3700
 1302 1da4 01       		.byte	0x1
 1303 1da5 00       		.uleb128 0
 1304 1da6 5F5F5151 		.ascii	"__QQ_IBIT__ 0\000"
 1304      5F494249 
 1304      545F5F20 
 1304      3000
 1305 1db4 01       		.byte	0x1
 1306 1db5 00       		.uleb128 0
 1307 1db6 5F5F4851 		.ascii	"__HQ_FBIT__ 15\000"
 1307      5F464249 
 1307      545F5F20 
 1307      313500
 1308 1dc5 01       		.byte	0x1
 1309 1dc6 00       		.uleb128 0
 1310 1dc7 5F5F4851 		.ascii	"__HQ_IBIT__ 0\000"
 1310      5F494249 
 1310      545F5F20 
 1310      3000
 1311 1dd5 01       		.byte	0x1
 1312 1dd6 00       		.uleb128 0
 1313 1dd7 5F5F5351 		.ascii	"__SQ_FBIT__ 31\000"
 1313      5F464249 
 1313      545F5F20 
 1313      333100
 1314 1de6 01       		.byte	0x1
 1315 1de7 00       		.uleb128 0
 1316 1de8 5F5F5351 		.ascii	"__SQ_IBIT__ 0\000"
 1316      5F494249 
 1316      545F5F20 
 1316      3000
 1317 1df6 01       		.byte	0x1
 1318 1df7 00       		.uleb128 0
 1319 1df8 5F5F4451 		.ascii	"__DQ_FBIT__ 63\000"
 1319      5F464249 
 1319      545F5F20 
 1319      363300
 1320 1e07 01       		.byte	0x1
 1321 1e08 00       		.uleb128 0
 1322 1e09 5F5F4451 		.ascii	"__DQ_IBIT__ 0\000"
ARM GAS  /tmp/cc5UHIDs.s 			page 43


 1322      5F494249 
 1322      545F5F20 
 1322      3000
 1323 1e17 01       		.byte	0x1
 1324 1e18 00       		.uleb128 0
 1325 1e19 5F5F5451 		.ascii	"__TQ_FBIT__ 127\000"
 1325      5F464249 
 1325      545F5F20 
 1325      31323700 
 1326 1e29 01       		.byte	0x1
 1327 1e2a 00       		.uleb128 0
 1328 1e2b 5F5F5451 		.ascii	"__TQ_IBIT__ 0\000"
 1328      5F494249 
 1328      545F5F20 
 1328      3000
 1329 1e39 01       		.byte	0x1
 1330 1e3a 00       		.uleb128 0
 1331 1e3b 5F5F5551 		.ascii	"__UQQ_FBIT__ 8\000"
 1331      515F4642 
 1331      49545F5F 
 1331      203800
 1332 1e4a 01       		.byte	0x1
 1333 1e4b 00       		.uleb128 0
 1334 1e4c 5F5F5551 		.ascii	"__UQQ_IBIT__ 0\000"
 1334      515F4942 
 1334      49545F5F 
 1334      203000
 1335 1e5b 01       		.byte	0x1
 1336 1e5c 00       		.uleb128 0
 1337 1e5d 5F5F5548 		.ascii	"__UHQ_FBIT__ 16\000"
 1337      515F4642 
 1337      49545F5F 
 1337      20313600 
 1338 1e6d 01       		.byte	0x1
 1339 1e6e 00       		.uleb128 0
 1340 1e6f 5F5F5548 		.ascii	"__UHQ_IBIT__ 0\000"
 1340      515F4942 
 1340      49545F5F 
 1340      203000
 1341 1e7e 01       		.byte	0x1
 1342 1e7f 00       		.uleb128 0
 1343 1e80 5F5F5553 		.ascii	"__USQ_FBIT__ 32\000"
 1343      515F4642 
 1343      49545F5F 
 1343      20333200 
 1344 1e90 01       		.byte	0x1
 1345 1e91 00       		.uleb128 0
 1346 1e92 5F5F5553 		.ascii	"__USQ_IBIT__ 0\000"
 1346      515F4942 
 1346      49545F5F 
 1346      203000
 1347 1ea1 01       		.byte	0x1
 1348 1ea2 00       		.uleb128 0
 1349 1ea3 5F5F5544 		.ascii	"__UDQ_FBIT__ 64\000"
 1349      515F4642 
 1349      49545F5F 
 1349      20363400 
ARM GAS  /tmp/cc5UHIDs.s 			page 44


 1350 1eb3 01       		.byte	0x1
 1351 1eb4 00       		.uleb128 0
 1352 1eb5 5F5F5544 		.ascii	"__UDQ_IBIT__ 0\000"
 1352      515F4942 
 1352      49545F5F 
 1352      203000
 1353 1ec4 01       		.byte	0x1
 1354 1ec5 00       		.uleb128 0
 1355 1ec6 5F5F5554 		.ascii	"__UTQ_FBIT__ 128\000"
 1355      515F4642 
 1355      49545F5F 
 1355      20313238 
 1355      00
 1356 1ed7 01       		.byte	0x1
 1357 1ed8 00       		.uleb128 0
 1358 1ed9 5F5F5554 		.ascii	"__UTQ_IBIT__ 0\000"
 1358      515F4942 
 1358      49545F5F 
 1358      203000
 1359 1ee8 01       		.byte	0x1
 1360 1ee9 00       		.uleb128 0
 1361 1eea 5F5F4841 		.ascii	"__HA_FBIT__ 7\000"
 1361      5F464249 
 1361      545F5F20 
 1361      3700
 1362 1ef8 01       		.byte	0x1
 1363 1ef9 00       		.uleb128 0
 1364 1efa 5F5F4841 		.ascii	"__HA_IBIT__ 8\000"
 1364      5F494249 
 1364      545F5F20 
 1364      3800
 1365 1f08 01       		.byte	0x1
 1366 1f09 00       		.uleb128 0
 1367 1f0a 5F5F5341 		.ascii	"__SA_FBIT__ 15\000"
 1367      5F464249 
 1367      545F5F20 
 1367      313500
 1368 1f19 01       		.byte	0x1
 1369 1f1a 00       		.uleb128 0
 1370 1f1b 5F5F5341 		.ascii	"__SA_IBIT__ 16\000"
 1370      5F494249 
 1370      545F5F20 
 1370      313600
 1371 1f2a 01       		.byte	0x1
 1372 1f2b 00       		.uleb128 0
 1373 1f2c 5F5F4441 		.ascii	"__DA_FBIT__ 31\000"
 1373      5F464249 
 1373      545F5F20 
 1373      333100
 1374 1f3b 01       		.byte	0x1
 1375 1f3c 00       		.uleb128 0
 1376 1f3d 5F5F4441 		.ascii	"__DA_IBIT__ 32\000"
 1376      5F494249 
 1376      545F5F20 
 1376      333200
 1377 1f4c 01       		.byte	0x1
 1378 1f4d 00       		.uleb128 0
ARM GAS  /tmp/cc5UHIDs.s 			page 45


 1379 1f4e 5F5F5441 		.ascii	"__TA_FBIT__ 63\000"
 1379      5F464249 
 1379      545F5F20 
 1379      363300
 1380 1f5d 01       		.byte	0x1
 1381 1f5e 00       		.uleb128 0
 1382 1f5f 5F5F5441 		.ascii	"__TA_IBIT__ 64\000"
 1382      5F494249 
 1382      545F5F20 
 1382      363400
 1383 1f6e 01       		.byte	0x1
 1384 1f6f 00       		.uleb128 0
 1385 1f70 5F5F5548 		.ascii	"__UHA_FBIT__ 8\000"
 1385      415F4642 
 1385      49545F5F 
 1385      203800
 1386 1f7f 01       		.byte	0x1
 1387 1f80 00       		.uleb128 0
 1388 1f81 5F5F5548 		.ascii	"__UHA_IBIT__ 8\000"
 1388      415F4942 
 1388      49545F5F 
 1388      203800
 1389 1f90 01       		.byte	0x1
 1390 1f91 00       		.uleb128 0
 1391 1f92 5F5F5553 		.ascii	"__USA_FBIT__ 16\000"
 1391      415F4642 
 1391      49545F5F 
 1391      20313600 
 1392 1fa2 01       		.byte	0x1
 1393 1fa3 00       		.uleb128 0
 1394 1fa4 5F5F5553 		.ascii	"__USA_IBIT__ 16\000"
 1394      415F4942 
 1394      49545F5F 
 1394      20313600 
 1395 1fb4 01       		.byte	0x1
 1396 1fb5 00       		.uleb128 0
 1397 1fb6 5F5F5544 		.ascii	"__UDA_FBIT__ 32\000"
 1397      415F4642 
 1397      49545F5F 
 1397      20333200 
 1398 1fc6 01       		.byte	0x1
 1399 1fc7 00       		.uleb128 0
 1400 1fc8 5F5F5544 		.ascii	"__UDA_IBIT__ 32\000"
 1400      415F4942 
 1400      49545F5F 
 1400      20333200 
 1401 1fd8 01       		.byte	0x1
 1402 1fd9 00       		.uleb128 0
 1403 1fda 5F5F5554 		.ascii	"__UTA_FBIT__ 64\000"
 1403      415F4642 
 1403      49545F5F 
 1403      20363400 
 1404 1fea 01       		.byte	0x1
 1405 1feb 00       		.uleb128 0
 1406 1fec 5F5F5554 		.ascii	"__UTA_IBIT__ 64\000"
 1406      415F4942 
 1406      49545F5F 
ARM GAS  /tmp/cc5UHIDs.s 			page 46


 1406      20363400 
 1407 1ffc 01       		.byte	0x1
 1408 1ffd 00       		.uleb128 0
 1409 1ffe 5F5F5245 		.ascii	"__REGISTER_PREFIX__ \000"
 1409      47495354 
 1409      45525F50 
 1409      52454649 
 1409      585F5F20 
 1410 2013 01       		.byte	0x1
 1411 2014 00       		.uleb128 0
 1412 2015 5F5F5553 		.ascii	"__USER_LABEL_PREFIX__ \000"
 1412      45525F4C 
 1412      4142454C 
 1412      5F505245 
 1412      4649585F 
 1413 202c 01       		.byte	0x1
 1414 202d 00       		.uleb128 0
 1415 202e 5F5F474E 		.ascii	"__GNUC_GNU_INLINE__ 1\000"
 1415      55435F47 
 1415      4E555F49 
 1415      4E4C494E 
 1415      455F5F20 
 1416 2044 01       		.byte	0x1
 1417 2045 00       		.uleb128 0
 1418 2046 5F5F4348 		.ascii	"__CHAR_UNSIGNED__ 1\000"
 1418      41525F55 
 1418      4E534947 
 1418      4E45445F 
 1418      5F203100 
 1419 205a 01       		.byte	0x1
 1420 205b 00       		.uleb128 0
 1421 205c 5F5F4743 		.ascii	"__GCC_HAVE_SYNC_COMPARE_AND_SWAP_1 1\000"
 1421      435F4841 
 1421      56455F53 
 1421      594E435F 
 1421      434F4D50 
 1422 2081 01       		.byte	0x1
 1423 2082 00       		.uleb128 0
 1424 2083 5F5F4743 		.ascii	"__GCC_HAVE_SYNC_COMPARE_AND_SWAP_2 1\000"
 1424      435F4841 
 1424      56455F53 
 1424      594E435F 
 1424      434F4D50 
 1425 20a8 01       		.byte	0x1
 1426 20a9 00       		.uleb128 0
 1427 20aa 5F5F4743 		.ascii	"__GCC_HAVE_SYNC_COMPARE_AND_SWAP_4 1\000"
 1427      435F4841 
 1427      56455F53 
 1427      594E435F 
 1427      434F4D50 
 1428 20cf 01       		.byte	0x1
 1429 20d0 00       		.uleb128 0
 1430 20d1 5F5F4743 		.ascii	"__GCC_HAVE_DWARF2_CFI_ASM 1\000"
 1430      435F4841 
 1430      56455F44 
 1430      57415246 
 1430      325F4346 
ARM GAS  /tmp/cc5UHIDs.s 			page 47


 1431 20ed 01       		.byte	0x1
 1432 20ee 00       		.uleb128 0
 1433 20ef 5F5F5052 		.ascii	"__PRAGMA_REDEFINE_EXTNAME 1\000"
 1433      41474D41 
 1433      5F524544 
 1433      4546494E 
 1433      455F4558 
 1434 210b 01       		.byte	0x1
 1435 210c 00       		.uleb128 0
 1436 210d 5F5F5349 		.ascii	"__SIZEOF_WCHAR_T__ 4\000"
 1436      5A454F46 
 1436      5F574348 
 1436      41525F54 
 1436      5F5F2034 
 1437 2122 01       		.byte	0x1
 1438 2123 00       		.uleb128 0
 1439 2124 5F5F5349 		.ascii	"__SIZEOF_WINT_T__ 4\000"
 1439      5A454F46 
 1439      5F57494E 
 1439      545F545F 
 1439      5F203400 
 1440 2138 01       		.byte	0x1
 1441 2139 00       		.uleb128 0
 1442 213a 5F5F5349 		.ascii	"__SIZEOF_PTRDIFF_T__ 4\000"
 1442      5A454F46 
 1442      5F505452 
 1442      44494646 
 1442      5F545F5F 
 1443 2151 01       		.byte	0x1
 1444 2152 00       		.uleb128 0
 1445 2153 5F5F6172 		.ascii	"__arm__ 1\000"
 1445      6D5F5F20 
 1445      3100
 1446 215d 01       		.byte	0x1
 1447 215e 00       		.uleb128 0
 1448 215f 5F5F4150 		.ascii	"__APCS_32__ 1\000"
 1448      43535F33 
 1448      325F5F20 
 1448      3100
 1449 216d 01       		.byte	0x1
 1450 216e 00       		.uleb128 0
 1451 216f 5F5F7468 		.ascii	"__thumb__ 1\000"
 1451      756D625F 
 1451      5F203100 
 1452 217b 01       		.byte	0x1
 1453 217c 00       		.uleb128 0
 1454 217d 5F5F7468 		.ascii	"__thumb2__ 1\000"
 1454      756D6232 
 1454      5F5F2031 
 1454      00
 1455 218a 01       		.byte	0x1
 1456 218b 00       		.uleb128 0
 1457 218c 5F5F4152 		.ascii	"__ARMEL__ 1\000"
 1457      4D454C5F 
 1457      5F203100 
 1458 2198 01       		.byte	0x1
 1459 2199 00       		.uleb128 0
ARM GAS  /tmp/cc5UHIDs.s 			page 48


 1460 219a 5F5F5448 		.ascii	"__THUMBEL__ 1\000"
 1460      554D4245 
 1460      4C5F5F20 
 1460      3100
 1461 21a8 01       		.byte	0x1
 1462 21a9 00       		.uleb128 0
 1463 21aa 5F5F534F 		.ascii	"__SOFTFP__ 1\000"
 1463      46544650 
 1463      5F5F2031 
 1463      00
 1464 21b7 01       		.byte	0x1
 1465 21b8 00       		.uleb128 0
 1466 21b9 5F5F5646 		.ascii	"__VFP_FP__ 1\000"
 1466      505F4650 
 1466      5F5F2031 
 1466      00
 1467 21c6 01       		.byte	0x1
 1468 21c7 00       		.uleb128 0
 1469 21c8 5F5F5448 		.ascii	"__THUMB_INTERWORK__ 1\000"
 1469      554D425F 
 1469      494E5445 
 1469      52574F52 
 1469      4B5F5F20 
 1470 21de 01       		.byte	0x1
 1471 21df 00       		.uleb128 0
 1472 21e0 5F5F4152 		.ascii	"__ARM_ARCH_7M__ 1\000"
 1472      4D5F4152 
 1472      43485F37 
 1472      4D5F5F20 
 1472      3100
 1473 21f2 01       		.byte	0x1
 1474 21f3 00       		.uleb128 0
 1475 21f4 5F5F4152 		.ascii	"__ARM_PCS 1\000"
 1475      4D5F5043 
 1475      53203100 
 1476 2200 01       		.byte	0x1
 1477 2201 00       		.uleb128 0
 1478 2202 5F5F4152 		.ascii	"__ARM_EABI__ 1\000"
 1478      4D5F4541 
 1478      42495F5F 
 1478      203100
 1479 2211 01       		.byte	0x1
 1480 2212 00       		.uleb128 0
 1481 2213 5F5F4152 		.ascii	"__ARM_ARCH_EXT_IDIV__ 1\000"
 1481      4D5F4152 
 1481      43485F45 
 1481      58545F49 
 1481      4449565F 
 1482 222b 01       		.byte	0x1
 1483 222c 00       		.uleb128 0
 1484 222d 5F5F4758 		.ascii	"__GXX_TYPEINFO_EQUALITY_INLINE 0\000"
 1484      585F5459 
 1484      5045494E 
 1484      464F5F45 
 1484      5155414C 
 1485 224e 01       		.byte	0x1
 1486 224f 00       		.uleb128 0
ARM GAS  /tmp/cc5UHIDs.s 			page 49


 1487 2250 5F5F454C 		.ascii	"__ELF__ 1\000"
 1487      465F5F20 
 1487      3100
 1488 225a 01       		.byte	0x1
 1489 225b 00       		.uleb128 0
 1490 225c 5F5F5553 		.ascii	"__USES_INITFINI__ 1\000"
 1490      45535F49 
 1490      4E495446 
 1490      494E495F 
 1490      5F203100 
 1491 2270 01       		.byte	0x1
 1492 2271 00       		.uleb128 0
 1493 2272 53544D33 		.ascii	"STM32L1XX_MD 1\000"
 1493      324C3158 
 1493      585F4D44 
 1493      203100
 1494 2281 03       		.byte	0x3
 1495 2282 00       		.uleb128 0
 1496 2283 01       		.uleb128 0x1
 1497 2284 04       		.byte	0x4
 1498 2285 00       		.byte	0
 1499              		.section	.debug_str,"MS",%progbits,1
 1500              	.LASF6:
 1501 0000 2F686F6D 		.ascii	"/home/grochu/Pulpit/MB_Os\000"
 1501      652F6772 
 1501      6F636875 
 1501      2F50756C 
 1501      7069742F 
 1502              	.LASF3:
 1503 001a 76656374 		.ascii	"vectors\000"
 1503      6F727300 
 1504              	.LASF7:
 1505 0022 5F5F4465 		.ascii	"__Default_Handler\000"
 1505      6661756C 
 1505      745F4861 
 1505      6E646C65 
 1505      7200
 1506              	.LASF0:
 1507 0034 5F5F6D61 		.ascii	"__main_stack_end\000"
 1507      696E5F73 
 1507      7461636B 
 1507      5F656E64 
 1507      00
 1508              	.LASF5:
 1509 0045 76656374 		.ascii	"vectors_STM32L1xx_md.c\000"
 1509      6F72735F 
 1509      53544D33 
 1509      324C3178 
 1509      785F6D64 
 1510              	.LASF2:
 1511 005c 756E7369 		.ascii	"unsigned int\000"
 1511      676E6564 
 1511      20696E74 
 1511      00
 1512              	.LASF4:
 1513 0069 474E5520 		.ascii	"GNU C 4.6.2 20110921 (release) [ARM/embedded-4_6-br"
 1513      4320342E 
ARM GAS  /tmp/cc5UHIDs.s 			page 50


 1513      362E3220 
 1513      32303131 
 1513      30393231 
 1514 009c 616E6368 		.ascii	"anch revision 182083]\000"
 1514      20726576 
 1514      6973696F 
 1514      6E203138 
 1514      32303833 
 1515              	.LASF1:
 1516 00b2 63686172 		.ascii	"char\000"
 1516      00
 1517              		.ident	"GCC: (GNU Tools for ARM Embedded Processors) 4.6.2 20110921 (release) [ARM/embedded-4_6-br
ARM GAS  /tmp/cc5UHIDs.s 			page 51


DEFINED SYMBOLS
                            *ABS*:00000000 vectors_STM32L1xx_md.c
     /tmp/cc5UHIDs.s:68     .text.__Default_Handler:00000000 $t
     /tmp/cc5UHIDs.s:73     .text.__Default_Handler:00000000 __Default_Handler
     /tmp/cc5UHIDs.s:215    .vectors:00000000 vectors
     /tmp/cc5UHIDs.s:73     .text.__Default_Handler:00000000 NMI_Handler
     /tmp/cc5UHIDs.s:73     .text.__Default_Handler:00000000 HardFault_Handler
     /tmp/cc5UHIDs.s:73     .text.__Default_Handler:00000000 MemManage_Handler
     /tmp/cc5UHIDs.s:73     .text.__Default_Handler:00000000 BusFault_Handler
     /tmp/cc5UHIDs.s:73     .text.__Default_Handler:00000000 UsageFault_Handler
     /tmp/cc5UHIDs.s:73     .text.__Default_Handler:00000000 __Reserved_0x1C_Handler
     /tmp/cc5UHIDs.s:73     .text.__Default_Handler:00000000 __Reserved_0x20_Handler
     /tmp/cc5UHIDs.s:73     .text.__Default_Handler:00000000 __Reserved_0x24_Handler
     /tmp/cc5UHIDs.s:73     .text.__Default_Handler:00000000 __Reserved_0x28_Handler
     /tmp/cc5UHIDs.s:73     .text.__Default_Handler:00000000 SVC_Handler
     /tmp/cc5UHIDs.s:73     .text.__Default_Handler:00000000 DebugMon_Handler
     /tmp/cc5UHIDs.s:73     .text.__Default_Handler:00000000 __Reserved_0x34_Handler
     /tmp/cc5UHIDs.s:73     .text.__Default_Handler:00000000 PendSV_Handler
     /tmp/cc5UHIDs.s:73     .text.__Default_Handler:00000000 SysTick_Handler
     /tmp/cc5UHIDs.s:73     .text.__Default_Handler:00000000 WWDG_IRQHandler
     /tmp/cc5UHIDs.s:73     .text.__Default_Handler:00000000 PVD_IRQHandler
     /tmp/cc5UHIDs.s:73     .text.__Default_Handler:00000000 TAMPER_STAMP_IRQHandler
     /tmp/cc5UHIDs.s:73     .text.__Default_Handler:00000000 RTC_WKUP_IRQHandler
     /tmp/cc5UHIDs.s:73     .text.__Default_Handler:00000000 FLASH_IRQHandler
     /tmp/cc5UHIDs.s:73     .text.__Default_Handler:00000000 RCC_IRQHandler
     /tmp/cc5UHIDs.s:73     .text.__Default_Handler:00000000 EXTI0_IRQHandler
     /tmp/cc5UHIDs.s:73     .text.__Default_Handler:00000000 EXTI1_IRQHandler
     /tmp/cc5UHIDs.s:73     .text.__Default_Handler:00000000 EXTI2_IRQHandler
     /tmp/cc5UHIDs.s:73     .text.__Default_Handler:00000000 EXTI3_IRQHandler
     /tmp/cc5UHIDs.s:73     .text.__Default_Handler:00000000 EXTI4_IRQHandler
     /tmp/cc5UHIDs.s:73     .text.__Default_Handler:00000000 DMA1_Channel1_IRQHandler
     /tmp/cc5UHIDs.s:73     .text.__Default_Handler:00000000 DMA1_Channel2_IRQHandler
     /tmp/cc5UHIDs.s:73     .text.__Default_Handler:00000000 DMA1_Channel3_IRQHandler
     /tmp/cc5UHIDs.s:73     .text.__Default_Handler:00000000 DMA1_Channel4_IRQHandler
     /tmp/cc5UHIDs.s:73     .text.__Default_Handler:00000000 DMA1_Channel5_IRQHandler
     /tmp/cc5UHIDs.s:73     .text.__Default_Handler:00000000 DMA1_Channel6_IRQHandler
     /tmp/cc5UHIDs.s:73     .text.__Default_Handler:00000000 DMA1_Channel7_IRQHandler
     /tmp/cc5UHIDs.s:73     .text.__Default_Handler:00000000 ADC1_IRQHandler
     /tmp/cc5UHIDs.s:73     .text.__Default_Handler:00000000 USB_HP_IRQHandler
     /tmp/cc5UHIDs.s:73     .text.__Default_Handler:00000000 USB_LP_IRQHandler
     /tmp/cc5UHIDs.s:73     .text.__Default_Handler:00000000 DAC_IRQHandler
     /tmp/cc5UHIDs.s:73     .text.__Default_Handler:00000000 COMP_IRQHandler
     /tmp/cc5UHIDs.s:73     .text.__Default_Handler:00000000 EXTI9_5_IRQHandler
     /tmp/cc5UHIDs.s:73     .text.__Default_Handler:00000000 LCD_IRQHandler
     /tmp/cc5UHIDs.s:73     .text.__Default_Handler:00000000 TIM9_IRQHandler
     /tmp/cc5UHIDs.s:73     .text.__Default_Handler:00000000 TIM10_IRQHandler
     /tmp/cc5UHIDs.s:73     .text.__Default_Handler:00000000 TIM11_IRQHandler
     /tmp/cc5UHIDs.s:73     .text.__Default_Handler:00000000 TIM2_IRQHandler
     /tmp/cc5UHIDs.s:73     .text.__Default_Handler:00000000 TIM3_IRQHandler
     /tmp/cc5UHIDs.s:73     .text.__Default_Handler:00000000 TIM4_IRQHandler
     /tmp/cc5UHIDs.s:73     .text.__Default_Handler:00000000 I2C1_EV_IRQHandler
     /tmp/cc5UHIDs.s:73     .text.__Default_Handler:00000000 I2C1_ER_IRQHandler
     /tmp/cc5UHIDs.s:73     .text.__Default_Handler:00000000 I2C2_EV_IRQHandler
     /tmp/cc5UHIDs.s:73     .text.__Default_Handler:00000000 I2C2_ER_IRQHandler
     /tmp/cc5UHIDs.s:73     .text.__Default_Handler:00000000 SPI1_IRQHandler
     /tmp/cc5UHIDs.s:73     .text.__Default_Handler:00000000 SPI2_IRQHandler
     /tmp/cc5UHIDs.s:73     .text.__Default_Handler:00000000 USART1_IRQHandler
ARM GAS  /tmp/cc5UHIDs.s 			page 52


     /tmp/cc5UHIDs.s:73     .text.__Default_Handler:00000000 USART2_IRQHandler
     /tmp/cc5UHIDs.s:73     .text.__Default_Handler:00000000 USART3_IRQHandler
     /tmp/cc5UHIDs.s:73     .text.__Default_Handler:00000000 EXTI15_10_IRQHandler
     /tmp/cc5UHIDs.s:73     .text.__Default_Handler:00000000 RTC_Alarm_IRQHandler
     /tmp/cc5UHIDs.s:73     .text.__Default_Handler:00000000 USB_FS_WKUP_IRQHandler
     /tmp/cc5UHIDs.s:73     .text.__Default_Handler:00000000 TIM6_IRQHandler
     /tmp/cc5UHIDs.s:73     .text.__Default_Handler:00000000 TIM7_IRQHandler
     /tmp/cc5UHIDs.s:212    .vectors:00000000 $d
                     .debug_frame:00000010 $d

UNDEFINED SYMBOLS
__main_stack_end
Reset_Handler
